C251 COMPILER V5.60.0,  BOARD                                                              04/01/22  11:56:15  PAGE 1   


C251 COMPILER V5.60.0, COMPILATION OF MODULE BOARD
OBJECT MODULE PLACED IN ..\Output\BOARD.obj
COMPILER INVOKED BY: F:\ProgramData\keil5\C251\BIN\C251.EXE ..\CODES\BOARD\BOARD.c LARGE INTR2 BROWSE INCDIR(..\CODES\BO
                    -ARD;..\CODES\ALGORITHM;..\CODES\DRIVER;..\CODES\USERS) DEBUG PRINT(.\Listings\BOARD.lst) OBJECT(..\Output\BOARD.obj) 

stmt  level    source

    1          /*
    2           * @Description  : Board.h的实现文件
    3           * @Author       : FZU Liao
    4           * @Date         : 2021-12-28 21:57:55
    5           * @LastEditors  : Liao
    6           * @LastEditTime : 2021-12-28 22:24:30
    7           * @FilePath     : \Board\board.c
    8           * Copyright 2021 FZU Liao, All Rights Reserved. 
    9           */
   10          
   11          #include "BOARD.h"
   12          
   13          void BOARD_INIT(){
   14   1      
   15   1      }
   16          
   17          void IQR_Disable_ALL(){
   18   1          EA=0;
   19   1      }
   20          
   21          void IQR_Enable_ALL(){
   22   1          EA=1;
   23   1      }


Module Information          Static   Overlayable
------------------------------------------------
  code size            =         7     ------
  ecode size           =    ------     ------
  data size            =    ------     ------
  idata size           =    ------     ------
  pdata size           =    ------     ------
  xdata size           =    ------     ------
  xdata-const size     =    ------     ------
  edata size           =    ------     ------
  bit size             =    ------     ------
  ebit size            =    ------     ------
  bitaddressable size  =    ------     ------
  ebitaddressable size =    ------     ------
  far data size        =    ------     ------
  huge data size       =    ------     ------
  const size           =    ------     ------
  hconst size          =    ------     ------
End of Module Information.


C251 COMPILATION COMPLETE.  0 WARNING(S),  0 ERROR(S)
