C251 COMPILER V5.60.0,  ENCODE_SENSOR                                                      03/01/22  15:51:57  PAGE 1   


C251 COMPILER V5.60.0, COMPILATION OF MODULE ENCODE_SENSOR
OBJECT MODULE PLACED IN ..\Output\ENCODE_SENSOR.obj
COMPILER INVOKED BY: F:\ProgramData\keil5\C251\BIN\C251.EXE ..\CODES\DRIVER\ENCODE_SENSOR.c LARGE INTR2 BROWSE INCDIR(..
                    -\CODES\BOARD;..\CODES\ALGORITHM;..\CODES\DRIVER;..\CODES\USERS) DEBUG PRINT(.\Listings\ENCODE_SENSOR.lst) OBJECT(..\Outp
                    -ut\ENCODE_SENSOR.obj) 

stmt  level    source

    1          /*
    2           * @Description  : 编码器测速实现
    3           * @Author       : FZU Liao
    4           * @Date         : 2022-01-03 12:31:35
    5           * @LastEditors  : Liao
    6           * @LastEditTime : 2022-01-03 15:47:08
    7           * @FilePath     : \DRIVER\ENCODE_SENSOR.c
    8           * Copyright 2022 FZU Liao, All Rights Reserved. 
    9           */
   10          
   11          #include "ENCODE_SENSOR.h"
   12          
   13          void ENCODING_INIT(ENCODING_OUTPUT_enum TIMERx_Pxx){
   14   1          TIMER_INIT_TIMERx(TIMERx_Pxx,C,65535,0,0,0);
   15   1          TIMER_CLEAN_COUNTER(TIMERx_Pxx);
   16   1          TIMER_ENABLE(TIMERx_Pxx);
   17   1      }
   18          
   19          uint32 ENCODING_READ_RESULT(ENCODING_OUTPUT_enum TIMERx_Pxx){
   20   1          uint32 RESULT;
   21   1          RESULT = TIMER_READ_COUNTER(TIMERx_Pxx);
   22   1          TIMER_CLEAN_COUNTER(TIMERx_Pxx);
   23   1          return RESULT;
   24   1      }
   25          
   26          void ENCODING_DEINIT(ENCODING_OUTPUT_enum TIMERx_Pxx){
   27   1          TIMER_INIT_TIMERx(TIMERx_Pxx,T,0,0,0,0);
   28   1          TIMER_DISABLE(TIMERx_Pxx);
   29   1      }


Module Information          Static   Overlayable
------------------------------------------------
  code size            =       112     ------
  ecode size           =    ------     ------
  data size            =    ------     ------
  idata size           =    ------     ------
  pdata size           =    ------     ------
  xdata size           =    ------          4
  xdata-const size     =    ------     ------
  edata size           =    ------     ------
  bit size             =    ------     ------
  ebit size            =    ------     ------
  bitaddressable size  =    ------     ------
  ebitaddressable size =    ------     ------
  far data size        =    ------     ------
  huge data size       =    ------     ------
  const size           =    ------     ------
  hconst size          =    ------     ------
End of Module Information.


C251 COMPILATION COMPLETE.  0 WARNING(S),  0 ERROR(S)
