C251 COMPILER V5.60.0,  GPIO                                                               10/01/22  23:01:36  PAGE 1   


C251 COMPILER V5.60.0, COMPILATION OF MODULE GPIO
OBJECT MODULE PLACED IN ..\Output\GPIO.obj
COMPILER INVOKED BY: F:\ProgramData\keil5\C251\BIN\C251.EXE ..\CODES\BOARD\GPIO.c LARGE INTR2 BROWSE INCDIR(..\CODES\BOA
                    -RD;..\CODES\ALGORITHM;..\CODES\DRIVER;..\CODES\USERS;..\CODES\ZF_lib) DEBUG PRINT(.\Listings\GPIO.lst) OBJECT(..\Output\
                    -GPIO.obj) 

stmt  level    source

    1          /*
    2           * @Description  : GPIO封装实现
    3           * @Author       : FZU Liao
    4           * @Date         : 2021-12-29 13:07:29
    5           * @LastEditors  : Liao
    6           * @LastEditTime : 2021-12-30 10:49:21
    7           * @FilePath     : \GPIO\GPIO.c
    8           * Copyright 2021 FZU Liao, All Rights Reserved. 
    9           */
   10          
   11          #include "GPIO.h"


Module Information          Static   Overlayable
------------------------------------------------
  code size            =    ------     ------
  ecode size           =    ------     ------
  data size            =    ------     ------
  idata size           =    ------     ------
  pdata size           =    ------     ------
  xdata size           =    ------     ------
  xdata-const size     =    ------     ------
  edata size           =    ------     ------
  bit size             =    ------     ------
  ebit size            =    ------     ------
  bitaddressable size  =    ------     ------
  ebitaddressable size =    ------     ------
  far data size        =    ------     ------
  huge data size       =    ------     ------
  const size           =    ------     ------
  hconst size          =    ------     ------
End of Module Information.


C251 COMPILATION COMPLETE.  0 WARNING(S),  0 ERROR(S)
