C251 COMPILER V5.60.0,  SEEKFREE_FONT                                                      10/01/22  22:23:46  PAGE 1   


C251 COMPILER V5.60.0, COMPILATION OF MODULE SEEKFREE_FONT
OBJECT MODULE PLACED IN ..\Output\SEEKFREE_FONT.obj
COMPILER INVOKED BY: F:\ProgramData\keil5\C251\BIN\C251.EXE ..\CODES\ZF_lib\SEEKFREE_FONT.c LARGE INTR2 BROWSE INCDIR(..
                    -\CODES\BOARD;..\CODES\ALGORITHM;..\CODES\DRIVER;..\CODES\USERS) DEBUG PRINT(.\Listings\SEEKFREE_FONT.lst) OBJECT(..\Outp
                    -ut\SEEKFREE_FONT.obj) 

stmt  level    source

    1          /********************************************************************************************************
             -*************
    2           * COPYRIGHT NOTICE
    3           * Copyright (c) 2018,逐飞科技
    4           * All rights reserved.
    5           * 技术讨论QQ群：一群：179029047(已满)  二群：244861897
    6           *
    7           * 以下所有内容版权均属逐飞科技所有，未经允许不得用于商业用途，
    8           * 欢迎各位使用并传播本程序，修改内容时必须保留逐飞科技的版权声明。
    9           *
   10           * @file                字体文件
   11           * @company                     成都逐飞科技有限公司
   12           * @author              逐飞科技(QQ3184284598)
   13           * @version             查看doc内version文件 版本说明
   14           * @Software            MDK FOR C251 V5.60
   15           * @Taobao              https://seekfree.taobao.com/
   16           * @date                2018-05-24
   17           ********************************************************************************************************
             -************/
   18          
   19          
   20          #include "SEEKFREE_FONT.h"
   21          
   22          const uint8 code Image_503[8192] =
   23          {
   24            0X0A,0X0F,0X0F,0X0F,0X0F,0X0F,0X0F,0X0F,0X0F,0X0F,0X0F,0X0F,0X0F,0X0F,0X0F,0X0F,
   25          0X0F,0X0F,0X0F,0X0F,0X0F,0X0F,0X0F,0X0F,0X0F,0X0F,0X0F,0X0F,0X0F,0X0F,0X0F,0X0F,
   26          0X0F,0X0F,0X0F,0X0F,0X0F,0X0F,0X0F,0X05,0X00,0X00,0X00,0X00,0X00,0X00,0X00,0X00,
   27          0X05,0X0A,0X0F,0X0F,0X0F,0X0F,0X0F,0X0F,0X0F,0X0F,0X0F,0X0F,0X0F,0X0F,0X0A,0X00,
   28          0X00,0X0A,0X0F,0X0F,0X0F,0X0F,0X0F,0X0F,0X0F,0X0F,0X0F,0X0F,0X0F,0X0F,0X0A,0X05,
   29          0X00,0X00,0X00,0X00,0X00,0X00,0X00,0X00,0X05,0X0F,0X0F,0X0F,0X0F,0X0F,0X0F,0X0F,
   30          0X0F,0X0F,0X0F,0X0F,0X0F,0X0F,0X0F,0X0F,0X0F,0X0F,0X0F,0X0F,0X0F,0X0F,0X0F,0X0F,
   31          0X0F,0X0F,0X0F,0X0F,0X0F,0X0F,0X0F,0X0F,0X0F,0X0F,0X0F,0X0F,0X0F,0X0F,0X0F,0X0A,
   32          0X0F,0X0F,0X0F,0X0F,0X0F,0X0F,0X0F,0X0F,0X0F,0X0F,0X0F,0X0F,0X0F,0X0F,0X0F,0X0F,
   33          0X0F,0X0F,0X0F,0X0F,0X0F,0X0F,0X0F,0X0F,0X0F,0X0F,0X0F,0X0F,0X0F,0X0F,0X0F,0X0F,
   34          0X0F,0X0F,0X0F,0X0F,0X0F,0X0F,0X0F,0X0A,0X00,0X00,0X00,0X00,0X00,0X00,0X00,0X0F,
   35          0X0F,0X0F,0X0F,0X0F,0X0F,0X0F,0X0F,0X0F,0X0F,0X0F,0X0F,0X0F,0X0F,0X0F,0X0B,0X00,
   36          0X00,0X0A,0X0F,0X0F,0X0F,0X0F,0X0F,0X0F,0X0F,0X0F,0X0F,0X0F,0X0F,0X0F,0X0F,0X0F,
   37          0X0F,0X00,0X00,0X00,0X00,0X00,0X00,0X00,0X0A,0X0F,0X0F,0X0F,0X0F,0X0F,0X0F,0X0F,
   38          0X0F,0X0F,0X0F,0X0F,0X0F,0X0F,0X0F,0X0F,0X0F,0X0F,0X0F,0X0F,0X0F,0X0F,0X0F,0X0F,
   39          0X0F,0X0F,0X0F,0X0F,0X0F,0X0F,0X0F,0X0F,0X0F,0X0F,0X0F,0X0F,0X0F,0X0F,0X0F,0X0F,
   40          0X0F,0X0F,0X0F,0X0F,0X0F,0X0F,0X0F,0X0F,0X0F,0X0F,0X0F,0X0F,0X0F,0X0F,0X0F,0X0F,
   41          0X0F,0X0F,0X0F,0X0F,0X0F,0X0F,0X0F,0X0F,0X0F,0X0F,0X0F,0X0F,0X0F,0X0F,0X0F,0X0F,
   42          0X0F,0X0F,0X0F,0X0F,0X0F,0X0F,0X0F,0X06,0X00,0X00,0X00,0X00,0X00,0X00,0X0F,0X0F,
   43          0X0F,0X0F,0X0F,0X0F,0X0F,0X0F,0X0F,0X0F,0X0F,0X0F,0X0F,0X0F,0X0F,0X0F,0X0A,0X00,
   44          0X00,0X0A,0X0F,0X0F,0X0F,0X0F,0X0F,0X0F,0X0F,0X0F,0X0F,0X0F,0X0F,0X0F,0X0F,0X0F,
   45          0X0F,0X0F,0X00,0X00,0X00,0X00,0X00,0X00,0X06,0X0F,0X0F,0X0F,0X0F,0X0F,0X0F,0X0F,
   46          0X0F,0X0F,0X0F,0X0F,0X0F,0X0F,0X0F,0X0F,0X0F,0X0F,0X0F,0X0F,0X0F,0X0F,0X0F,0X0F,
   47          0X0F,0X0F,0X0F,0X0F,0X0F,0X0F,0X0F,0X0F,0X0F,0X0F,0X0F,0X0F,0X0F,0X0F,0X0F,0X0F,
   48          0X0F,0X0F,0X0F,0X0F,0X0F,0X0F,0X0F,0X0F,0X0F,0X0F,0X0F,0X0F,0X0F,0X0F,0X0F,0X0F,
   49          0X0F,0X0F,0X0F,0X0F,0X0F,0X0F,0X0F,0X0F,0X0F,0X0F,0X0F,0X0F,0X0F,0X0F,0X0F,0X0F,
   50          0X0F,0X0F,0X0F,0X0F,0X0F,0X0F,0X0F,0X06,0X00,0X00,0X00,0X00,0X00,0X0F,0X0F,0X0F,
   51          0X0F,0X0F,0X0F,0X0F,0X0F,0X0F,0X0F,0X0F,0X0F,0X0F,0X0F,0X0F,0X0F,0X0F,0X0A,0X00,
   52          0X00,0X0A,0X0F,0X0F,0X0F,0X0F,0X0F,0X0F,0X0F,0X0F,0X0F,0X0F,0X0F,0X0F,0X0F,0X0F,
   53          0X0F,0X0F,0X0F,0X00,0X00,0X00,0X00,0X00,0X06,0X0F,0X0F,0X0F,0X0F,0X0F,0X0F,0X0F,
   54          0X0F,0X0F,0X0F,0X0F,0X0F,0X0F,0X0F,0X0F,0X0F,0X0F,0X0F,0X0F,0X0F,0X0F,0X0F,0X0F,
   55          0X0F,0X0F,0X0F,0X0F,0X0F,0X0F,0X0F,0X0F,0X0F,0X0F,0X0F,0X0F,0X0F,0X0F,0X0F,0X0F,
C251 COMPILER V5.60.0,  SEEKFREE_FONT                                                      10/01/22  22:23:46  PAGE 2   

   56          0X0F,0X0F,0X0F,0X0F,0X0F,0X0F,0X0F,0X0F,0X0F,0X0F,0X0F,0X0F,0X0F,0X0F,0X0F,0X0F,
   57          0X0F,0X0F,0X0F,0X0F,0X0F,0X0F,0X0F,0X0F,0X0F,0X0F,0X0F,0X0F,0X0F,0X0F,0X0F,0X0F,
   58          0X0F,0X0F,0X0F,0X0F,0X0F,0X0F,0X0F,0X06,0X00,0X00,0X00,0X00,0X00,0X0F,0X0F,0X0F,
   59          0X0F,0X0F,0X0F,0X0F,0X0F,0X0F,0X0F,0X0F,0X0F,0X0F,0X0F,0X0F,0X0F,0X0F,0X0A,0X00,
   60          0X00,0X0A,0X0F,0X0F,0X0F,0X0F,0X0F,0X0F,0X0F,0X0F,0X0F,0X0F,0X0F,0X0F,0X0F,0X0F,
   61          0X0F,0X0F,0X0F,0X00,0X00,0X00,0X00,0X00,0X06,0X0F,0X0F,0X0F,0X0F,0X0F,0X0F,0X0F,
   62          0X0F,0X0F,0X0F,0X0F,0X0F,0X0F,0X0F,0X0F,0X0F,0X0F,0X0F,0X0F,0X0F,0X0F,0X0F,0X0F,
   63          0X0F,0X0F,0X0F,0X0F,0X0F,0X0F,0X0F,0X0F,0X0F,0X0F,0X0F,0X0F,0X0F,0X0F,0X0F,0X0F,
   64          0X0F,0X0F,0X0F,0X0F,0X0F,0X0F,0X0F,0X0F,0X0F,0X0F,0X0F,0X0F,0X0F,0X0F,0X0F,0X0F,
   65          0X0F,0X0F,0X0F,0X0F,0X0F,0X0F,0X0F,0X0F,0X0F,0X0F,0X0F,0X0F,0X0F,0X0F,0X0F,0X0F,
   66          0X0F,0X0F,0X0F,0X0F,0X0F,0X0F,0X0F,0X06,0X00,0X00,0X00,0X00,0X0A,0X0F,0X0F,0X0F,
   67          0X0F,0X0F,0X0F,0X0F,0X0F,0X0F,0X0F,0X0F,0X0F,0X0F,0X0F,0X0F,0X0F,0X0F,0X0A,0X00,
   68          0X00,0X0A,0X0F,0X0F,0X0F,0X0F,0X0F,0X0F,0X0F,0X0F,0X0F,0X0F,0X0F,0X0F,0X0F,0X0F,
   69          0X0F,0X0F,0X0F,0X0A,0X00,0X00,0X00,0X00,0X06,0X0F,0X0F,0X0F,0X0F,0X0F,0X0F,0X0F,
   70          0X0F,0X0F,0X0F,0X0F,0X0F,0X0F,0X0F,0X0F,0X0F,0X0F,0X0F,0X0F,0X0F,0X0F,0X0F,0X0F,
   71          0X0F,0X0F,0X0F,0X0F,0X0F,0X0F,0X0F,0X0F,0X0F,0X0F,0X0F,0X0F,0X0F,0X0F,0X0F,0X0F,
   72          0X0F,0X0F,0X0F,0X0F,0X0F,0X0F,0X0F,0X0F,0X0F,0X0F,0X0F,0X0F,0X0F,0X0F,0X0F,0X0F,
   73          0X0F,0X0F,0X0F,0X0F,0X0F,0X0F,0X0F,0X0F,0X0F,0X0F,0X0F,0X0F,0X0F,0X0F,0X0F,0X0F,
   74          0X0F,0X0F,0X0F,0X0F,0X0F,0X0F,0X0F,0X06,0X00,0X00,0X00,0X00,0X0A,0X0F,0X0F,0X0F,
   75          0X0F,0X0F,0X0F,0X0F,0X0F,0X0F,0X0F,0X0F,0X0F,0X0F,0X0F,0X0F,0X0F,0X0F,0X0A,0X00,
   76          0X00,0X0A,0X0F,0X0F,0X0F,0X0F,0X0F,0X0F,0X0F,0X0F,0X0F,0X0F,0X0F,0X0F,0X0F,0X0F,
   77          0X0F,0X0F,0X0F,0X0A,0X00,0X00,0X00,0X00,0X06,0X0F,0X0F,0X0F,0X0F,0X0F,0X0F,0X0F,
   78          0X0F,0X0F,0X0F,0X0F,0X0F,0X0F,0X0F,0X0F,0X0F,0X0F,0X0F,0X0F,0X0F,0X0F,0X0F,0X0F,
   79          0X0F,0X0F,0X0F,0X0F,0X0F,0X0F,0X0F,0X0F,0X0F,0X0F,0X0F,0X0F,0X0F,0X0F,0X0F,0X0F,
   80          0X0F,0X0F,0X0F,0X0F,0X0F,0X0F,0X0F,0X0F,0X0F,0X0F,0X0F,0X0F,0X0F,0X0F,0X0F,0X0F,
   81          0X0F,0X0F,0X0F,0X0F,0X0F,0X0F,0X0F,0X0F,0X0F,0X0F,0X0F,0X0F,0X0F,0X0F,0X0F,0X0F,
   82          0X0F,0X0F,0X0F,0X0F,0X0F,0X0F,0X0F,0X06,0X00,0X00,0X00,0X00,0X0A,0X0F,0X0F,0X0F,
   83          0X0F,0X0F,0X0F,0X0F,0X0F,0X0F,0X0F,0X0F,0X0F,0X0F,0X0F,0X0F,0X0F,0X0F,0X0A,0X00,
   84          0X00,0X0A,0X0F,0X0F,0X0F,0X0F,0X0F,0X0F,0X0F,0X0F,0X0F,0X0F,0X0F,0X0F,0X0F,0X0F,
   85          0X0F,0X0F,0X0F,0X0B,0X00,0X00,0X00,0X00,0X06,0X0F,0X0F,0X0F,0X0F,0X0F,0X0F,0X0F,
   86          0X0F,0X0F,0X0F,0X0F,0X0F,0X0F,0X0F,0X0F,0X0F,0X0F,0X0F,0X0F,0X0F,0X0F,0X0F,0X0F,
   87          0X0F,0X0F,0X0F,0X0F,0X0F,0X0F,0X0F,0X0F,0X0F,0X0F,0X0F,0X0F,0X0F,0X0F,0X0F,0X0F,
   88          0X0F,0X0F,0X0F,0X0F,0X0F,0X0F,0X0F,0X0F,0X0F,0X0F,0X0F,0X0F,0X0F,0X0F,0X0F,0X0F,
   89          0X0F,0X0F,0X0F,0X0F,0X0F,0X0F,0X0F,0X0F,0X0F,0X0F,0X0F,0X0F,0X0F,0X0F,0X0F,0X0F,
   90          0X0F,0X0F,0X0F,0X0F,0X0F,0X0F,0X0F,0X06,0X00,0X00,0X00,0X00,0X0A,0X0F,0X0F,0X0F,
   91          0X0F,0X0F,0X0F,0X0F,0X0F,0X0F,0X0F,0X0F,0X0F,0X0F,0X0F,0X0F,0X0F,0X0F,0X0A,0X00,
   92          0X00,0X0A,0X0F,0X0F,0X0F,0X0F,0X0F,0X0F,0X0F,0X0F,0X0F,0X0F,0X0F,0X0F,0X0F,0X0F,
   93          0X0F,0X0F,0X0F,0X0A,0X00,0X00,0X00,0X00,0X06,0X0F,0X0F,0X0F,0X0F,0X0F,0X0F,0X0F,
   94          0X0F,0X0F,0X0F,0X0F,0X0F,0X0F,0X0F,0X0F,0X0F,0X0F,0X0F,0X0F,0X0F,0X0F,0X0F,0X0F,
   95          0X0F,0X0F,0X0F,0X0F,0X0F,0X0F,0X0F,0X0F,0X0F,0X0F,0X0F,0X0F,0X0F,0X0F,0X0F,0X0F,
   96          0X0F,0X0F,0X0F,0X0F,0X0F,0X0F,0X0F,0X0F,0X0F,0X0F,0X0F,0X0F,0X0F,0X0F,0X0F,0X0F,
   97          0X0F,0X0F,0X0F,0X0F,0X0F,0X0F,0X0F,0X0F,0X0F,0X0F,0X0F,0X0F,0X0F,0X0F,0X0F,0X0F,
   98          0X0F,0X0F,0X0F,0X0F,0X0F,0X0F,0X0F,0X06,0X00,0X00,0X00,0X00,0X0A,0X0F,0X0F,0X0F,
   99          0X0F,0X0F,0X0F,0X0F,0X0F,0X0F,0X0F,0X0F,0X0F,0X0F,0X0F,0X0F,0X0F,0X0F,0X0A,0X00,
  100          0X00,0X0A,0X0F,0X0F,0X0F,0X0F,0X0F,0X0F,0X0F,0X0F,0X0F,0X0F,0X0F,0X0F,0X0F,0X0F,
  101          0X0F,0X0F,0X0F,0X0A,0X00,0X00,0X00,0X00,0X06,0X0F,0X0F,0X0F,0X0F,0X0F,0X0F,0X0F,
  102          0X0F,0X0F,0X0F,0X0F,0X0F,0X0F,0X0F,0X0F,0X0F,0X0F,0X0F,0X0F,0X0F,0X0F,0X0F,0X0F,
  103          0X0F,0X0F,0X0F,0X0F,0X0F,0X0F,0X0F,0X0F,0X0F,0X0F,0X0F,0X0F,0X0F,0X0F,0X0F,0X0F,
  104          0X0F,0X0F,0X0F,0X0F,0X0F,0X0F,0X0F,0X0F,0X0F,0X0F,0X0F,0X0F,0X0F,0X0F,0X0F,0X0F,
  105          0X0F,0X0F,0X0F,0X0F,0X0F,0X0F,0X0F,0X0F,0X0F,0X0F,0X0F,0X0F,0X0F,0X0F,0X0F,0X0F,
  106          0X0F,0X0F,0X0F,0X0F,0X0F,0X0F,0X0F,0X06,0X00,0X00,0X00,0X00,0X0A,0X0F,0X0F,0X0F,
  107          0X0F,0X0F,0X0F,0X0F,0X0F,0X0F,0X0F,0X0F,0X0F,0X0F,0X0F,0X0F,0X0F,0X0F,0X0A,0X00,
  108          0X00,0X0A,0X0F,0X0F,0X0F,0X0F,0X0F,0X0F,0X0F,0X0F,0X0F,0X0F,0X0F,0X0F,0X0F,0X0F,
  109          0X0F,0X0F,0X0F,0X0A,0X00,0X00,0X00,0X00,0X06,0X0F,0X0F,0X0F,0X0F,0X0F,0X0F,0X0F,
  110          0X0F,0X0F,0X0F,0X0F,0X0F,0X0F,0X0F,0X0F,0X0F,0X0F,0X0F,0X0F,0X0F,0X0F,0X0F,0X0F,
  111          0X0F,0X0F,0X0F,0X0F,0X0F,0X0F,0X0F,0X0F,0X0F,0X0F,0X0F,0X0F,0X0F,0X0F,0X0F,0X0F,
  112          0X0F,0X0F,0X0F,0X0F,0X0F,0X0F,0X0F,0X0F,0X0F,0X0F,0X0F,0X0F,0X0F,0X0F,0X0F,0X0F,
  113          0X0F,0X0F,0X0F,0X0F,0X0F,0X0F,0X0F,0X0F,0X0F,0X0F,0X0F,0X0F,0X0F,0X0F,0X0F,0X0F,
  114          0X0F,0X0F,0X0F,0X0F,0X0F,0X0F,0X0F,0X06,0X00,0X00,0X00,0X00,0X0A,0X0F,0X0F,0X0F,
  115          0X0F,0X0F,0X0F,0X0F,0X0F,0X0F,0X0F,0X0F,0X0F,0X0F,0X0F,0X0F,0X0F,0X0F,0X0A,0X00,
  116          0X00,0X0A,0X0F,0X0F,0X0F,0X0F,0X0F,0X0F,0X0F,0X0F,0X0F,0X0F,0X0F,0X0F,0X0F,0X0F,
  117          0X0F,0X0F,0X0F,0X0A,0X00,0X00,0X00,0X00,0X06,0X0F,0X0F,0X0F,0X0F,0X0F,0X0F,0X0F,
  118          0X0F,0X0F,0X0F,0X0F,0X0F,0X0F,0X0F,0X0F,0X0F,0X0F,0X0F,0X0F,0X0F,0X0F,0X0F,0X0F,
  119          0X0F,0X0F,0X0F,0X0F,0X0F,0X0F,0X0F,0X0F,0X0F,0X0F,0X0F,0X0F,0X0F,0X0F,0X0F,0X0F,
  120          0X0F,0X0F,0X0F,0X0F,0X0F,0X0F,0X0F,0X0F,0X0F,0X0F,0X0F,0X0F,0X0F,0X0F,0X0F,0X0F,
  121          0X0F,0X0F,0X0F,0X0F,0X0F,0X0F,0X0F,0X0F,0X0F,0X0F,0X0F,0X0F,0X0F,0X0F,0X0F,0X0F,
C251 COMPILER V5.60.0,  SEEKFREE_FONT                                                      10/01/22  22:23:46  PAGE 3   

  122          0X0F,0X0F,0X0F,0X0F,0X0F,0X0F,0X0F,0X0A,0X00,0X00,0X00,0X00,0X0A,0X0F,0X0F,0X0F,
  123          0X0F,0X0F,0X0F,0X0F,0X0F,0X0F,0X0F,0X0F,0X0F,0X0F,0X0F,0X0F,0X0F,0X0F,0X0F,0X00,
  124          0X00,0X0F,0X0F,0X0F,0X0F,0X0F,0X0F,0X0F,0X0F,0X0F,0X0F,0X0F,0X0F,0X0F,0X0F,0X0F,
  125          0X0F,0X0F,0X0F,0X0A,0X00,0X00,0X00,0X00,0X0A,0X0F,0X0F,0X0F,0X0F,0X0F,0X0F,0X0F,
  126          0X0F,0X0F,0X0F,0X0F,0X0F,0X0F,0X0F,0X0F,0X0F,0X0F,0X0F,0X0F,0X0F,0X0F,0X0F,0X0F,
  127          0X0F,0X0F,0X0F,0X0F,0X0F,0X0F,0X0F,0X0F,0X0F,0X0F,0X0F,0X0F,0X0F,0X0F,0X0F,0X0F,
  128          0X0F,0X0F,0X0F,0X0F,0X0F,0X0F,0X0F,0X0F,0X0F,0X0F,0X0F,0X0F,0X0F,0X0F,0X0F,0X0F,
  129          0X0F,0X0F,0X0F,0X0F,0X0F,0X0F,0X0F,0X0F,0X0F,0X0F,0X0F,0X0F,0X0F,0X0F,0X0F,0X0F,
  130          0X0F,0X0F,0X0F,0X0F,0X0F,0X0F,0X0F,0X05,0X00,0X00,0X00,0X00,0X0A,0X0F,0X0F,0X0F,
  131          0X0F,0X0F,0X0F,0X0F,0X0F,0X0F,0X0F,0X0F,0X0F,0X0A,0X00,0X00,0X00,0X00,0X00,0X00,
  132          0X00,0X00,0X00,0X00,0X00,0X00,0X0A,0X0F,0X0F,0X0F,0X0F,0X0F,0X0F,0X0F,0X0F,0X0F,
  133          0X0F,0X0F,0X0F,0X0A,0X00,0X00,0X00,0X00,0X05,0X0F,0X0F,0X0F,0X0F,0X0F,0X0F,0X0F,
  134          0X0F,0X0F,0X0F,0X0F,0X0F,0X0F,0X0F,0X0F,0X0F,0X0F,0X0F,0X0F,0X0F,0X0F,0X0F,0X0F,
  135          0X0F,0X0F,0X0F,0X0F,0X0F,0X0F,0X0F,0X0F,0X0F,0X0F,0X0F,0X0F,0X0F,0X0F,0X0F,0X0F,
  136          0X0F,0X0F,0X0F,0X0F,0X0F,0X0F,0X0F,0X0F,0X0F,0X0F,0X0F,0X0F,0X0F,0X0F,0X00,0X00,
  137          0X00,0X00,0X00,0X00,0X00,0X00,0X00,0X00,0X00,0X00,0X00,0X00,0X00,0X00,0X00,0X00,
  138          0X00,0X00,0X00,0X00,0X00,0X00,0X00,0X00,0X00,0X00,0X00,0X00,0X0A,0X0F,0X0F,0X0F,
  139          0X0F,0X0F,0X0F,0X0F,0X0F,0X0F,0X0F,0X0F,0X0F,0X0A,0X00,0X00,0X00,0X00,0X00,0X00,
  140          0X00,0X00,0X00,0X00,0X00,0X00,0X0A,0X0F,0X0F,0X0F,0X0F,0X0F,0X0F,0X0F,0X0F,0X0F,
  141          0X0F,0X0F,0X0F,0X0A,0X00,0X00,0X00,0X00,0X00,0X00,0X00,0X00,0X00,0X00,0X00,0X00,
  142          0X00,0X00,0X00,0X00,0X00,0X00,0X00,0X00,0X00,0X00,0X00,0X00,0X00,0X00,0X00,0X00,
  143          0X00,0X00,0X0F,0X0F,0X0F,0X0F,0X0F,0X0F,0X0F,0X0F,0X0F,0X0F,0X0F,0X0F,0X0F,0X0F,
  144          0X0F,0X0F,0X0F,0X0F,0X0F,0X0F,0X0F,0X0F,0X0F,0X0F,0X0F,0X0F,0X0F,0X0F,0X00,0X00,
  145          0X00,0X00,0X00,0X00,0X00,0X00,0X00,0X00,0X00,0X00,0X00,0X00,0X00,0X00,0X00,0X00,
  146          0X00,0X00,0X00,0X00,0X00,0X00,0X00,0X00,0X00,0X00,0X00,0X00,0X0A,0X0F,0X0F,0X0F,
  147          0X0F,0X0F,0X0F,0X0F,0X0F,0X0F,0X0F,0X0F,0X0F,0X0A,0X00,0X00,0X00,0X00,0X00,0X00,
  148          0X00,0X00,0X00,0X00,0X00,0X00,0X0A,0X0F,0X0F,0X0F,0X0F,0X0F,0X0F,0X0F,0X0F,0X0F,
  149          0X0F,0X0F,0X0F,0X0A,0X00,0X00,0X00,0X00,0X00,0X00,0X00,0X00,0X00,0X00,0X00,0X00,
  150          0X00,0X00,0X00,0X00,0X00,0X00,0X00,0X00,0X00,0X00,0X00,0X00,0X00,0X00,0X00,0X00,
  151          0X00,0X00,0X0F,0X0F,0X0F,0X0F,0X0F,0X0F,0X0F,0X0F,0X0F,0X0F,0X0F,0X0F,0X0F,0X0F,
  152          0X0F,0X0F,0X0F,0X0F,0X0F,0X0F,0X0F,0X0F,0X0F,0X0F,0X0F,0X0F,0X0F,0X0F,0X00,0X00,
  153          0X00,0X00,0X00,0X00,0X00,0X00,0X00,0X00,0X00,0X00,0X00,0X00,0X00,0X00,0X00,0X00,
  154          0X00,0X00,0X00,0X00,0X00,0X00,0X00,0X00,0X00,0X00,0X00,0X00,0X0A,0X0F,0X0F,0X0F,
  155          0X0F,0X0F,0X0F,0X0F,0X0F,0X0F,0X0F,0X0F,0X0F,0X0A,0X00,0X00,0X00,0X00,0X00,0X00,
  156          0X00,0X00,0X00,0X00,0X00,0X00,0X0A,0X0F,0X0F,0X0F,0X0F,0X0F,0X0F,0X0F,0X0F,0X0F,
  157          0X0F,0X0F,0X0F,0X0A,0X00,0X00,0X00,0X00,0X00,0X00,0X00,0X00,0X00,0X00,0X00,0X00,
  158          0X00,0X00,0X00,0X00,0X00,0X00,0X00,0X00,0X00,0X00,0X00,0X00,0X00,0X00,0X00,0X00,
  159          0X00,0X00,0X0F,0X0F,0X0F,0X0F,0X0F,0X0F,0X0F,0X0F,0X0F,0X0F,0X0F,0X0F,0X0F,0X0F,
  160          0X0F,0X0F,0X0F,0X0F,0X0F,0X0F,0X0F,0X0F,0X0F,0X0F,0X0F,0X0F,0X0F,0X0F,0X00,0X00,
  161          0X00,0X00,0X00,0X00,0X00,0X00,0X00,0X00,0X00,0X00,0X00,0X00,0X00,0X00,0X00,0X00,
  162          0X00,0X00,0X00,0X00,0X00,0X00,0X00,0X00,0X00,0X00,0X00,0X00,0X0A,0X0F,0X0F,0X0F,
  163          0X0F,0X0F,0X0F,0X0F,0X0F,0X0F,0X0F,0X0F,0X0F,0X0A,0X00,0X00,0X00,0X00,0X00,0X00,
  164          0X00,0X00,0X00,0X00,0X00,0X00,0X0A,0X0F,0X0F,0X0F,0X0F,0X0F,0X0F,0X0F,0X0F,0X0F,
  165          0X0F,0X0F,0X0F,0X0A,0X00,0X00,0X00,0X00,0X00,0X00,0X00,0X00,0X00,0X00,0X00,0X00,
  166          0X00,0X00,0X00,0X00,0X00,0X00,0X00,0X00,0X00,0X00,0X00,0X00,0X00,0X00,0X00,0X00,
  167          0X00,0X00,0X0F,0X0F,0X0F,0X0F,0X0F,0X0F,0X0F,0X0F,0X0F,0X0F,0X0F,0X0F,0X0F,0X0F,
  168          0X0F,0X0F,0X0F,0X0F,0X0F,0X0F,0X0F,0X0F,0X0F,0X0F,0X0F,0X0F,0X0F,0X0F,0X00,0X00,
  169          0X00,0X00,0X00,0X00,0X00,0X00,0X00,0X00,0X00,0X00,0X00,0X00,0X00,0X00,0X00,0X00,
  170          0X00,0X00,0X00,0X00,0X00,0X00,0X00,0X00,0X00,0X00,0X00,0X00,0X0A,0X0F,0X0F,0X0F,
  171          0X0F,0X0F,0X0F,0X0F,0X0F,0X0F,0X0F,0X0F,0X0F,0X0A,0X00,0X00,0X00,0X00,0X00,0X00,
  172          0X00,0X00,0X00,0X00,0X00,0X00,0X0A,0X0F,0X0F,0X0F,0X0F,0X0F,0X0F,0X0F,0X0F,0X0F,
  173          0X0F,0X0F,0X0F,0X0A,0X00,0X00,0X00,0X00,0X00,0X00,0X00,0X00,0X00,0X00,0X00,0X00,
  174          0X00,0X00,0X00,0X00,0X00,0X00,0X00,0X00,0X00,0X00,0X00,0X00,0X00,0X00,0X00,0X00,
  175          0X00,0X00,0X0F,0X0F,0X0F,0X0F,0X0F,0X0F,0X0F,0X0F,0X0F,0X0F,0X0F,0X0F,0X0F,0X0F,
  176          0X0F,0X0F,0X0F,0X0F,0X0F,0X0F,0X0F,0X0F,0X0F,0X0F,0X0F,0X0F,0X0F,0X0F,0X00,0X00,
  177          0X00,0X00,0X00,0X00,0X00,0X00,0X00,0X00,0X00,0X00,0X00,0X00,0X00,0X00,0X00,0X00,
  178          0X00,0X00,0X00,0X00,0X00,0X00,0X00,0X00,0X00,0X00,0X00,0X00,0X0A,0X0F,0X0F,0X0F,
  179          0X0F,0X0F,0X0F,0X0F,0X0F,0X0F,0X0F,0X0F,0X0F,0X0A,0X00,0X00,0X00,0X00,0X00,0X00,
  180          0X00,0X00,0X00,0X00,0X00,0X00,0X0A,0X0F,0X0F,0X0F,0X0F,0X0F,0X0F,0X0F,0X0F,0X0F,
  181          0X0F,0X0F,0X0F,0X0A,0X00,0X00,0X00,0X00,0X00,0X00,0X00,0X00,0X00,0X00,0X00,0X00,
  182          0X00,0X00,0X00,0X00,0X00,0X00,0X00,0X00,0X00,0X00,0X00,0X00,0X00,0X00,0X00,0X00,
  183          0X00,0X00,0X0F,0X0F,0X0F,0X0F,0X0F,0X0F,0X0F,0X0F,0X0F,0X0F,0X0F,0X0F,0X0F,0X0F,
  184          0X0F,0X0F,0X0F,0X0F,0X0F,0X0F,0X0F,0X0F,0X0F,0X0F,0X0F,0X0F,0X0F,0X0F,0X00,0X00,
  185          0X00,0X00,0X00,0X00,0X00,0X00,0X00,0X00,0X00,0X00,0X00,0X00,0X00,0X00,0X00,0X00,
  186          0X00,0X00,0X00,0X00,0X00,0X00,0X00,0X00,0X00,0X00,0X00,0X00,0X0A,0X0F,0X0F,0X0F,
  187          0X0F,0X0F,0X0F,0X0F,0X0F,0X0F,0X0F,0X0F,0X0F,0X0F,0X0F,0X00,0X00,0X00,0X00,0X00,
C251 COMPILER V5.60.0,  SEEKFREE_FONT                                                      10/01/22  22:23:46  PAGE 4   

  188          0X00,0X00,0X00,0X00,0X00,0X0F,0X0F,0X0F,0X0F,0X0F,0X0F,0X0F,0X0F,0X0F,0X0F,0X0F,
  189          0X0F,0X0F,0X0F,0X0A,0X00,0X00,0X00,0X00,0X00,0X00,0X00,0X00,0X00,0X00,0X00,0X00,
  190          0X00,0X00,0X00,0X00,0X00,0X00,0X00,0X00,0X00,0X00,0X00,0X00,0X00,0X00,0X00,0X00,
  191          0X00,0X00,0X0F,0X0F,0X0F,0X0F,0X0F,0X0F,0X0F,0X0F,0X0F,0X0F,0X0F,0X0F,0X0F,0X0F,
  192          0X0F,0X0F,0X0F,0X0F,0X0F,0X0F,0X0F,0X0F,0X0F,0X0F,0X0F,0X0F,0X0F,0X0F,0X00,0X00,
  193          0X00,0X00,0X00,0X00,0X00,0X00,0X00,0X00,0X00,0X00,0X00,0X00,0X00,0X00,0X00,0X00,
  194          0X00,0X00,0X00,0X00,0X00,0X00,0X00,0X00,0X00,0X00,0X00,0X00,0X0A,0X0F,0X0F,0X0F,
  195          0X0F,0X0F,0X0F,0X0F,0X0F,0X0F,0X0F,0X0F,0X0F,0X0F,0X0F,0X00,0X00,0X00,0X00,0X00,
  196          0X00,0X00,0X00,0X00,0X00,0X0F,0X0F,0X0F,0X0F,0X0F,0X0F,0X0F,0X0F,0X0F,0X0F,0X0F,
  197          0X0F,0X0F,0X0F,0X0A,0X00,0X00,0X00,0X00,0X00,0X00,0X00,0X00,0X00,0X00,0X00,0X00,
  198          0X00,0X00,0X00,0X00,0X00,0X00,0X00,0X00,0X00,0X00,0X00,0X00,0X00,0X00,0X00,0X00,
  199          0X00,0X00,0X0F,0X0F,0X0F,0X0F,0X0F,0X0F,0X0F,0X0F,0X0F,0X0F,0X0F,0X0F,0X0F,0X0F,
  200          0X0F,0X0F,0X0F,0X0F,0X0F,0X0F,0X0F,0X0F,0X0F,0X0F,0X0F,0X0F,0X0F,0X0F,0X00,0X00,
  201          0X00,0X00,0X00,0X00,0X00,0X00,0X00,0X00,0X00,0X00,0X00,0X00,0X00,0X00,0X00,0X00,
  202          0X00,0X00,0X00,0X00,0X00,0X00,0X00,0X00,0X00,0X00,0X00,0X00,0X0A,0X0F,0X0F,0X0F,
  203          0X0F,0X0F,0X0F,0X0F,0X0F,0X0F,0X0F,0X0F,0X0F,0X0F,0X0F,0X00,0X00,0X00,0X00,0X00,
  204          0X00,0X00,0X00,0X00,0X00,0X0F,0X0F,0X0F,0X0F,0X0F,0X0F,0X0F,0X0F,0X0F,0X0F,0X0F,
  205          0X0F,0X0F,0X0F,0X0A,0X00,0X00,0X00,0X00,0X00,0X00,0X00,0X00,0X00,0X00,0X00,0X00,
  206          0X00,0X00,0X00,0X00,0X00,0X00,0X00,0X00,0X00,0X00,0X00,0X00,0X00,0X00,0X00,0X00,
  207          0X00,0X00,0X0F,0X0F,0X0F,0X0F,0X0F,0X0F,0X0F,0X0F,0X0F,0X0F,0X0F,0X0F,0X0F,0X0F,
  208          0X0F,0X0F,0X0F,0X0F,0X0F,0X0F,0X0F,0X0F,0X0F,0X0F,0X0F,0X0F,0X0F,0X0F,0X00,0X00,
  209          0X00,0X00,0X00,0X00,0X00,0X00,0X00,0X00,0X00,0X00,0X00,0X00,0X00,0X00,0X00,0X00,
  210          0X00,0X00,0X00,0X00,0X00,0X00,0X00,0X00,0X00,0X00,0X00,0X00,0X0A,0X0F,0X0F,0X0F,
  211          0X0F,0X0F,0X0F,0X0F,0X0F,0X0F,0X0F,0X0F,0X0F,0X0F,0X0F,0X00,0X00,0X00,0X00,0X00,
  212          0X00,0X00,0X00,0X00,0X00,0X0F,0X0F,0X0F,0X0F,0X0F,0X0F,0X0F,0X0F,0X0F,0X0F,0X0F,
  213          0X0F,0X0F,0X0F,0X0A,0X00,0X00,0X00,0X00,0X00,0X00,0X00,0X00,0X00,0X00,0X00,0X00,
  214          0X00,0X00,0X00,0X00,0X00,0X00,0X00,0X00,0X00,0X00,0X00,0X00,0X00,0X00,0X00,0X00,
  215          0X00,0X00,0X0F,0X0F,0X0F,0X0F,0X0F,0X0F,0X0F,0X0F,0X0F,0X0F,0X0F,0X0F,0X0F,0X0F,
  216          0X0F,0X0F,0X0F,0X0F,0X0F,0X0F,0X0F,0X0F,0X0F,0X0F,0X0F,0X0F,0X0F,0X0F,0X00,0X00,
  217          0X00,0X00,0X00,0X00,0X00,0X00,0X00,0X00,0X00,0X00,0X00,0X00,0X00,0X00,0X00,0X00,
  218          0X00,0X00,0X00,0X00,0X00,0X00,0X00,0X00,0X00,0X00,0X00,0X00,0X0A,0X0F,0X0F,0X0F,
  219          0X0F,0X0F,0X0F,0X0F,0X0F,0X0F,0X0F,0X0F,0X0F,0X0F,0X0F,0X00,0X00,0X00,0X00,0X00,
  220          0X00,0X00,0X00,0X00,0X00,0X0F,0X0F,0X0F,0X0F,0X0F,0X0F,0X0F,0X0F,0X0F,0X0F,0X0F,
  221          0X0F,0X0F,0X0F,0X0A,0X00,0X00,0X00,0X00,0X00,0X00,0X00,0X00,0X00,0X00,0X00,0X00,
  222          0X00,0X00,0X00,0X00,0X00,0X00,0X00,0X00,0X00,0X00,0X00,0X00,0X00,0X00,0X00,0X00,
  223          0X00,0X00,0X0F,0X0F,0X0F,0X0F,0X0F,0X0F,0X0F,0X0F,0X0F,0X0F,0X0F,0X0F,0X0F,0X0F,
  224          0X0F,0X0F,0X0F,0X0F,0X0F,0X0F,0X0F,0X0F,0X0F,0X0F,0X0F,0X0F,0X0F,0X0F,0X0F,0X0F,
  225          0X0F,0X0F,0X0F,0X0F,0X0F,0X0F,0X0F,0X0F,0X0F,0X0F,0X0F,0X0F,0X0F,0X0F,0X0F,0X0F,
  226          0X0F,0X0F,0X0F,0X0F,0X0F,0X0F,0X0F,0X05,0X00,0X00,0X00,0X00,0X0A,0X0F,0X0F,0X0F,
  227          0X0F,0X0F,0X0F,0X0F,0X0F,0X0F,0X0F,0X0F,0X0F,0X0F,0X0F,0X00,0X00,0X00,0X00,0X00,
  228          0X00,0X00,0X00,0X00,0X00,0X0F,0X0F,0X0F,0X0F,0X0F,0X0F,0X0F,0X0F,0X0F,0X0F,0X0F,
  229          0X0F,0X0F,0X0F,0X0A,0X00,0X00,0X00,0X00,0X05,0X0F,0X0F,0X0F,0X0F,0X0F,0X0F,0X0F,
  230          0X0F,0X0F,0X0F,0X0F,0X0F,0X0F,0X0F,0X0F,0X0F,0X0F,0X0F,0X0F,0X0F,0X0F,0X0F,0X0F,
  231          0X0F,0X0F,0X0F,0X0F,0X0F,0X0F,0X0F,0X0F,0X0F,0X0F,0X0F,0X0F,0X0F,0X0F,0X0F,0X0F,
  232          0X0F,0X0F,0X0F,0X0F,0X0F,0X0F,0X0F,0X0F,0X0F,0X0F,0X0F,0X0F,0X0F,0X0F,0X0F,0X0F,
  233          0X0F,0X0F,0X0F,0X0F,0X0F,0X0F,0X0F,0X0F,0X0F,0X0F,0X0F,0X0F,0X0F,0X0F,0X0F,0X0F,
  234          0X0F,0X0F,0X0F,0X0F,0X0F,0X0F,0X0F,0X0A,0X00,0X00,0X00,0X00,0X0A,0X0F,0X0F,0X0F,
  235          0X0F,0X0F,0X0F,0X0F,0X0F,0X0F,0X0F,0X0F,0X0F,0X0F,0X0F,0X00,0X00,0X00,0X00,0X00,
  236          0X00,0X00,0X00,0X00,0X00,0X0F,0X0F,0X0F,0X0F,0X0F,0X0F,0X0F,0X0F,0X0F,0X0F,0X0F,
  237          0X0F,0X0F,0X0F,0X0A,0X00,0X00,0X00,0X00,0X0A,0X0F,0X0F,0X0F,0X0F,0X0F,0X0F,0X0F,
  238          0X0F,0X0F,0X0F,0X0F,0X0F,0X0F,0X0F,0X0F,0X0F,0X0F,0X0F,0X0F,0X0F,0X0F,0X0F,0X0F,
  239          0X0F,0X0F,0X0F,0X0F,0X0F,0X0F,0X0F,0X0F,0X0F,0X0F,0X0F,0X0F,0X0F,0X0F,0X0F,0X0F,
  240          0X0F,0X0F,0X0F,0X0F,0X0F,0X0F,0X0F,0X0F,0X0F,0X0F,0X0F,0X0F,0X0F,0X0F,0X0F,0X0F,
  241          0X0F,0X0F,0X0F,0X0F,0X0F,0X0F,0X0F,0X0F,0X0F,0X0F,0X0F,0X0F,0X0F,0X0F,0X0F,0X0F,
  242          0X0F,0X0F,0X0F,0X0F,0X0F,0X0F,0X0F,0X06,0X00,0X00,0X00,0X00,0X0A,0X0F,0X0F,0X0F,
  243          0X0F,0X0F,0X0F,0X0F,0X0F,0X0F,0X0F,0X0F,0X0F,0X0F,0X0F,0X00,0X00,0X00,0X00,0X00,
  244          0X00,0X00,0X00,0X00,0X00,0X0F,0X0F,0X0F,0X0F,0X0F,0X0F,0X0F,0X0F,0X0F,0X0F,0X0F,
  245          0X0F,0X0F,0X0F,0X0A,0X00,0X00,0X00,0X00,0X06,0X0F,0X0F,0X0F,0X0F,0X0F,0X0F,0X0F,
  246          0X0F,0X0F,0X0F,0X0F,0X0F,0X0F,0X0F,0X0F,0X0F,0X0F,0X0F,0X0F,0X0F,0X0F,0X0F,0X0F,
  247          0X0F,0X0F,0X0F,0X0F,0X0F,0X0F,0X0F,0X0F,0X0F,0X0F,0X0F,0X0F,0X0F,0X0F,0X0F,0X0F,
  248          0X0F,0X0F,0X0F,0X0F,0X0F,0X0F,0X0F,0X0F,0X0F,0X0F,0X0F,0X0F,0X0F,0X0F,0X0F,0X0F,
  249          0X0F,0X0F,0X0F,0X0F,0X0F,0X0F,0X0F,0X0F,0X0F,0X0F,0X0F,0X0F,0X0F,0X0F,0X0F,0X0F,
  250          0X0F,0X0F,0X0F,0X0F,0X0F,0X0F,0X0F,0X06,0X00,0X00,0X00,0X00,0X0A,0X0F,0X0F,0X0F,
  251          0X0F,0X0F,0X0F,0X0F,0X0F,0X0F,0X0F,0X0F,0X0F,0X0F,0X0F,0X00,0X00,0X00,0X00,0X00,
  252          0X00,0X00,0X00,0X00,0X00,0X0F,0X0F,0X0F,0X0F,0X0F,0X0F,0X0F,0X0F,0X0F,0X0F,0X0F,
  253          0X0F,0X0F,0X0F,0X0A,0X00,0X00,0X00,0X00,0X06,0X0F,0X0F,0X0F,0X0F,0X0F,0X0F,0X0F,
C251 COMPILER V5.60.0,  SEEKFREE_FONT                                                      10/01/22  22:23:46  PAGE 5   

  254          0X0F,0X0F,0X0F,0X0F,0X0F,0X0F,0X0F,0X0F,0X0F,0X0F,0X0F,0X0F,0X0F,0X0F,0X0F,0X0F,
  255          0X0F,0X0F,0X0F,0X0F,0X0F,0X0F,0X0F,0X0F,0X0F,0X0F,0X0F,0X0F,0X0F,0X0F,0X0F,0X0F,
  256          0X0F,0X0F,0X0F,0X0F,0X0F,0X0F,0X0F,0X0F,0X0F,0X0F,0X0F,0X0F,0X0F,0X0F,0X0F,0X0F,
  257          0X0F,0X0F,0X0F,0X0F,0X0F,0X0F,0X0F,0X0F,0X0F,0X0F,0X0F,0X0F,0X0F,0X0F,0X0F,0X0F,
  258          0X0F,0X0F,0X0F,0X0F,0X0F,0X0F,0X0F,0X06,0X00,0X00,0X00,0X00,0X0A,0X0F,0X0F,0X0F,
  259          0X0F,0X0F,0X0F,0X0F,0X0F,0X0F,0X0F,0X0F,0X0F,0X0F,0X0F,0X00,0X00,0X00,0X00,0X00,
  260          0X00,0X00,0X00,0X00,0X00,0X0F,0X0F,0X0F,0X0F,0X0F,0X0F,0X0F,0X0F,0X0F,0X0F,0X0F,
  261          0X0F,0X0F,0X0F,0X0A,0X00,0X00,0X00,0X00,0X06,0X0F,0X0F,0X0F,0X0F,0X0F,0X0F,0X0F,
  262          0X0F,0X0F,0X0F,0X0F,0X0F,0X0F,0X0F,0X0F,0X0F,0X0F,0X0F,0X0F,0X0F,0X0F,0X0F,0X0F,
  263          0X0F,0X0F,0X0F,0X0F,0X0F,0X0F,0X0F,0X0F,0X0F,0X0F,0X0F,0X0F,0X0F,0X0F,0X0F,0X0F,
  264          0X0F,0X0F,0X0F,0X0F,0X0F,0X0F,0X0F,0X0F,0X0F,0X0F,0X0F,0X0F,0X0F,0X0F,0X0F,0X0F,
  265          0X0F,0X0F,0X0F,0X0F,0X0F,0X0F,0X0F,0X0F,0X0F,0X0F,0X0F,0X0F,0X0F,0X0F,0X0F,0X0F,
  266          0X0F,0X0F,0X0F,0X0F,0X0F,0X0F,0X0F,0X06,0X00,0X00,0X00,0X00,0X0A,0X0F,0X0F,0X0F,
  267          0X0F,0X0F,0X0F,0X0F,0X0F,0X0F,0X0F,0X0F,0X0F,0X0F,0X0F,0X00,0X00,0X00,0X00,0X00,
  268          0X00,0X00,0X00,0X00,0X00,0X0F,0X0F,0X0F,0X0F,0X0F,0X0F,0X0F,0X0F,0X0F,0X0F,0X0F,
  269          0X0F,0X0F,0X0F,0X0A,0X00,0X00,0X00,0X00,0X06,0X0F,0X0F,0X0F,0X0F,0X0F,0X0F,0X0F,
  270          0X0F,0X0F,0X0F,0X0F,0X0F,0X0F,0X0F,0X0F,0X0F,0X0F,0X0F,0X0F,0X0F,0X0F,0X0F,0X0F,
  271          0X0F,0X0F,0X0F,0X0F,0X0F,0X0F,0X0F,0X0F,0X0F,0X0F,0X0F,0X0F,0X0F,0X0F,0X0F,0X0F,
  272          0X0F,0X0F,0X0F,0X0F,0X0F,0X0F,0X0F,0X0F,0X0F,0X0F,0X0F,0X0F,0X0F,0X0F,0X0F,0X0F,
  273          0X0F,0X0F,0X0F,0X0F,0X0F,0X0F,0X0F,0X0F,0X0F,0X0F,0X0F,0X0F,0X0F,0X0F,0X0F,0X0F,
  274          0X0F,0X0F,0X0F,0X0F,0X0F,0X0F,0X0F,0X06,0X00,0X00,0X00,0X00,0X0A,0X0F,0X0F,0X0F,
  275          0X0F,0X0F,0X0F,0X0F,0X0F,0X0F,0X0F,0X0F,0X0F,0X0F,0X0F,0X00,0X00,0X00,0X00,0X00,
  276          0X00,0X00,0X00,0X00,0X00,0X0F,0X0F,0X0F,0X0F,0X0F,0X0F,0X0F,0X0F,0X0F,0X0F,0X0F,
  277          0X0F,0X0F,0X0F,0X0A,0X00,0X00,0X00,0X00,0X06,0X0F,0X0F,0X0F,0X0F,0X0F,0X0F,0X0F,
  278          0X0F,0X0F,0X0F,0X0F,0X0F,0X0F,0X0F,0X0F,0X0F,0X0F,0X0F,0X0F,0X0F,0X0F,0X0F,0X0F,
  279          0X0F,0X0F,0X0F,0X0F,0X0F,0X0F,0X0F,0X0F,0X0F,0X0F,0X0F,0X0F,0X0F,0X0F,0X0F,0X0F,
  280          0X0F,0X0F,0X0F,0X0F,0X0F,0X0F,0X0F,0X0F,0X0F,0X0F,0X0F,0X0F,0X0F,0X0F,0X0F,0X0F,
  281          0X0F,0X0F,0X0F,0X0F,0X0F,0X0F,0X0F,0X0F,0X0F,0X0F,0X0F,0X0F,0X0F,0X0F,0X0F,0X0F,
  282          0X0F,0X0F,0X0F,0X0F,0X0F,0X0F,0X0F,0X06,0X00,0X00,0X00,0X00,0X0A,0X0F,0X0F,0X0F,
  283          0X0F,0X0F,0X0F,0X0F,0X0F,0X0F,0X0F,0X0F,0X0F,0X0F,0X0F,0X00,0X00,0X00,0X00,0X00,
  284          0X00,0X00,0X00,0X00,0X00,0X0F,0X0F,0X0F,0X0F,0X0F,0X0F,0X0F,0X0F,0X0F,0X0F,0X0F,
  285          0X0F,0X0F,0X0F,0X0A,0X00,0X00,0X00,0X00,0X06,0X0F,0X0F,0X0F,0X0F,0X0F,0X0F,0X0F,
  286          0X0F,0X0F,0X0F,0X0F,0X0F,0X0F,0X0F,0X0F,0X0F,0X0F,0X0F,0X0F,0X0F,0X0F,0X0F,0X0F,
  287          0X0F,0X0F,0X0F,0X0F,0X0F,0X0F,0X0F,0X0F,0X0F,0X0F,0X0F,0X0F,0X0F,0X0F,0X0F,0X0F,
  288          0X0F,0X0F,0X0F,0X0F,0X0F,0X0F,0X0F,0X0F,0X0F,0X0F,0X0F,0X0F,0X0F,0X0F,0X0F,0X0F,
  289          0X0F,0X0F,0X0F,0X0F,0X0F,0X0F,0X0F,0X0F,0X0F,0X0F,0X0F,0X0F,0X0F,0X0F,0X0F,0X0F,
  290          0X0F,0X0F,0X0F,0X0F,0X0F,0X0F,0X0F,0X06,0X00,0X00,0X00,0X00,0X0A,0X0F,0X0F,0X0F,
  291          0X0F,0X0F,0X0F,0X0F,0X0F,0X0F,0X0F,0X0F,0X0F,0X0F,0X0F,0X00,0X00,0X00,0X00,0X00,
  292          0X00,0X00,0X00,0X00,0X00,0X0F,0X0F,0X0F,0X0F,0X0F,0X0F,0X0F,0X0F,0X0F,0X0F,0X0F,
  293          0X0F,0X0F,0X0F,0X0A,0X00,0X00,0X00,0X00,0X06,0X0F,0X0F,0X0F,0X0F,0X0F,0X0F,0X0F,
  294          0X0F,0X0F,0X0F,0X0F,0X0F,0X0F,0X0F,0X0F,0X0F,0X0F,0X0F,0X0F,0X0F,0X0F,0X0F,0X0F,
  295          0X0F,0X0F,0X0F,0X0F,0X0F,0X0F,0X0F,0X0F,0X0F,0X0F,0X0F,0X0F,0X0F,0X0F,0X0F,0X0F,
  296          0X0F,0X0F,0X0F,0X0F,0X0F,0X0F,0X0F,0X0F,0X0F,0X0F,0X0F,0X0F,0X0F,0X0F,0X0F,0X0F,
  297          0X0F,0X0F,0X0F,0X0F,0X0F,0X0F,0X0F,0X0F,0X0F,0X0F,0X0F,0X0F,0X0F,0X0F,0X0F,0X0F,
  298          0X0F,0X0F,0X0F,0X0F,0X0F,0X0F,0X0F,0X06,0X00,0X00,0X00,0X00,0X0A,0X0F,0X0F,0X0F,
  299          0X0F,0X0F,0X0F,0X0F,0X0F,0X0F,0X0F,0X0F,0X0F,0X0F,0X0F,0X00,0X00,0X00,0X00,0X00,
  300          0X00,0X00,0X00,0X00,0X00,0X0F,0X0F,0X0F,0X0F,0X0F,0X0F,0X0F,0X0F,0X0F,0X0F,0X0F,
  301          0X0F,0X0F,0X0F,0X0A,0X00,0X00,0X00,0X00,0X06,0X0F,0X0F,0X0F,0X0F,0X0F,0X0F,0X0F,
  302          0X0F,0X0F,0X0F,0X0F,0X0F,0X0F,0X0F,0X0F,0X0F,0X0F,0X0F,0X0F,0X0F,0X0F,0X0F,0X0F,
  303          0X0F,0X0F,0X0F,0X0F,0X0F,0X0F,0X0F,0X0F,0X0F,0X0F,0X0F,0X0F,0X0F,0X0F,0X0F,0X0F,
  304          0X0F,0X0F,0X0F,0X0F,0X0F,0X0F,0X0F,0X0F,0X0F,0X0F,0X0F,0X0F,0X0F,0X0F,0X0F,0X0F,
  305          0X0F,0X0F,0X0F,0X0F,0X0F,0X0F,0X0F,0X0F,0X0F,0X0F,0X0F,0X0F,0X0F,0X0F,0X0F,0X0F,
  306          0X0F,0X0F,0X0F,0X0F,0X0F,0X0F,0X0F,0X06,0X00,0X00,0X00,0X00,0X0A,0X0F,0X0F,0X0F,
  307          0X0F,0X0F,0X0F,0X0F,0X0F,0X0F,0X0F,0X0F,0X0F,0X0F,0X0F,0X00,0X00,0X00,0X00,0X00,
  308          0X00,0X00,0X00,0X00,0X00,0X0F,0X0F,0X0F,0X0F,0X0F,0X0F,0X0F,0X0F,0X0F,0X0F,0X0F,
  309          0X0F,0X0F,0X0F,0X0A,0X00,0X00,0X00,0X00,0X06,0X0F,0X0F,0X0F,0X0F,0X0F,0X0F,0X0F,
  310          0X0F,0X0F,0X0F,0X0F,0X0F,0X0F,0X0F,0X0F,0X0F,0X0F,0X0F,0X0F,0X0F,0X0F,0X0F,0X0F,
  311          0X0F,0X0F,0X0F,0X0F,0X0F,0X0F,0X0F,0X0F,0X0F,0X0F,0X0F,0X0F,0X0F,0X0F,0X0F,0X0F,
  312          0X0F,0X0F,0X0F,0X0F,0X0F,0X0F,0X0F,0X0F,0X0F,0X0F,0X0F,0X0F,0X0F,0X0F,0X0F,0X0F,
  313          0X0F,0X0F,0X0F,0X0F,0X0F,0X0F,0X0F,0X0F,0X0F,0X0F,0X0F,0X0F,0X0F,0X0F,0X0F,0X0F,
  314          0X0F,0X0F,0X0F,0X0F,0X0F,0X0F,0X0F,0X06,0X00,0X00,0X00,0X00,0X0A,0X0F,0X0F,0X0F,
  315          0X0F,0X0F,0X0F,0X0F,0X0F,0X0F,0X0F,0X0F,0X0F,0X0F,0X0F,0X00,0X00,0X00,0X00,0X00,
  316          0X00,0X00,0X00,0X00,0X00,0X0F,0X0F,0X0F,0X0F,0X0F,0X0F,0X0F,0X0F,0X0F,0X0F,0X0F,
  317          0X0F,0X0F,0X0F,0X0A,0X00,0X00,0X00,0X00,0X06,0X0F,0X0F,0X0F,0X0F,0X0F,0X0F,0X0F,
  318          0X0F,0X0F,0X0F,0X0F,0X0F,0X0F,0X0F,0X0F,0X0F,0X0F,0X0F,0X0F,0X0F,0X0F,0X0F,0X0F,
  319          0X0F,0X0F,0X0F,0X0F,0X0F,0X0F,0X0F,0X0F,0X0F,0X0F,0X0F,0X0F,0X0F,0X0F,0X0F,0X0F,
C251 COMPILER V5.60.0,  SEEKFREE_FONT                                                      10/01/22  22:23:46  PAGE 6   

  320          0X0F,0X0F,0X0F,0X0F,0X0F,0X0F,0X0F,0X0F,0X0F,0X0F,0X0F,0X0F,0X0F,0X0F,0X0F,0X0F,
  321          0X0F,0X0F,0X0F,0X0F,0X0F,0X0F,0X0F,0X0F,0X0F,0X0F,0X0F,0X0F,0X0F,0X0F,0X0F,0X0F,
  322          0X0F,0X0F,0X0F,0X0F,0X0F,0X0F,0X0F,0X06,0X00,0X00,0X00,0X00,0X0A,0X0F,0X0F,0X0F,
  323          0X0F,0X0F,0X0F,0X0F,0X0F,0X0F,0X0F,0X0F,0X0F,0X0F,0X0F,0X00,0X00,0X00,0X00,0X00,
  324          0X00,0X00,0X00,0X00,0X00,0X0F,0X0F,0X0F,0X0F,0X0F,0X0F,0X0F,0X0F,0X0F,0X0F,0X0F,
  325          0X0F,0X0F,0X0F,0X0A,0X00,0X00,0X00,0X00,0X0A,0X0F,0X0F,0X0F,0X0F,0X0F,0X0F,0X0F,
  326          0X0F,0X0F,0X0F,0X0F,0X0F,0X0F,0X0F,0X0F,0X0F,0X0F,0X0F,0X0F,0X0F,0X0F,0X0F,0X0F,
  327          0X0F,0X0F,0X0F,0X0F,0X0F,0X0F,0X0F,0X0F,0X0F,0X0F,0X0F,0X0F,0X0F,0X0F,0X0F,0X0F,
  328          0X0B,0X0F,0X0F,0X0F,0X0F,0X0F,0X0F,0X0F,0X0F,0X0F,0X0F,0X0F,0X0F,0X0F,0X0F,0X0F,
  329          0X0F,0X0F,0X0F,0X0F,0X0F,0X0F,0X0F,0X0F,0X0F,0X0F,0X0F,0X0F,0X0F,0X0F,0X0F,0X0F,
  330          0X0F,0X0F,0X0F,0X0F,0X0F,0X0F,0X0F,0X06,0X00,0X00,0X00,0X00,0X0A,0X0F,0X0F,0X0F,
  331          0X0F,0X0F,0X0F,0X0F,0X0F,0X0F,0X0F,0X0F,0X0F,0X0F,0X0F,0X00,0X00,0X00,0X00,0X00,
  332          0X00,0X00,0X00,0X00,0X00,0X0F,0X0F,0X0F,0X0F,0X0F,0X0F,0X0F,0X0F,0X0F,0X0F,0X0F,
  333          0X0F,0X0F,0X0F,0X0A,0X00,0X00,0X00,0X00,0X05,0X0F,0X0F,0X0F,0X0F,0X0F,0X0F,0X0F,
  334          0X0F,0X0F,0X0F,0X0F,0X0F,0X0F,0X0F,0X0F,0X0F,0X0F,0X0F,0X0F,0X0F,0X0F,0X0F,0X0F,
  335          0X0F,0X0F,0X0F,0X0F,0X0F,0X0F,0X0F,0X0F,0X0F,0X0F,0X0F,0X0F,0X0F,0X0F,0X0F,0X0F,
  336          0X00,0X00,0X00,0X00,0X00,0X00,0X00,0X00,0X00,0X00,0X00,0X00,0X00,0X00,0X00,0X00,
  337          0X00,0X00,0X00,0X00,0X00,0X00,0X00,0X00,0X00,0X05,0X0F,0X0F,0X0F,0X0F,0X0F,0X0F,
  338          0X0F,0X0F,0X0F,0X0F,0X0F,0X0F,0X0F,0X06,0X00,0X00,0X00,0X00,0X0A,0X0F,0X0F,0X0F,
  339          0X0F,0X0F,0X0F,0X0F,0X0F,0X0F,0X0F,0X0F,0X0F,0X0F,0X0F,0X00,0X00,0X00,0X00,0X00,
  340          0X00,0X00,0X00,0X00,0X00,0X0F,0X0F,0X0F,0X0F,0X0F,0X0F,0X0F,0X0F,0X0F,0X0F,0X0F,
  341          0X0F,0X0F,0X0F,0X0A,0X00,0X00,0X00,0X00,0X00,0X00,0X00,0X00,0X00,0X00,0X00,0X00,
  342          0X00,0X00,0X00,0X00,0X00,0X00,0X00,0X00,0X00,0X00,0X00,0X00,0X00,0X00,0X00,0X00,
  343          0X00,0X00,0X0F,0X0F,0X0F,0X0F,0X0F,0X0F,0X0F,0X0F,0X0F,0X0F,0X0F,0X0F,0X0F,0X0F,
  344          0X00,0X00,0X00,0X00,0X00,0X00,0X00,0X00,0X00,0X00,0X00,0X00,0X00,0X00,0X00,0X00,
  345          0X00,0X00,0X00,0X00,0X00,0X00,0X00,0X00,0X00,0X05,0X0F,0X0F,0X0F,0X0F,0X0F,0X0F,
  346          0X0F,0X0F,0X0F,0X0F,0X0F,0X0F,0X0F,0X06,0X00,0X00,0X00,0X00,0X0A,0X0F,0X0F,0X0F,
  347          0X0F,0X0F,0X0F,0X0F,0X0F,0X0F,0X0F,0X0F,0X0F,0X0F,0X0F,0X00,0X00,0X00,0X00,0X00,
  348          0X00,0X00,0X00,0X00,0X00,0X0F,0X0F,0X0F,0X0F,0X0F,0X0F,0X0F,0X0F,0X0F,0X0F,0X0F,
  349          0X0F,0X0F,0X0F,0X0A,0X00,0X00,0X00,0X00,0X00,0X00,0X00,0X00,0X00,0X00,0X00,0X00,
  350          0X00,0X00,0X00,0X00,0X00,0X00,0X00,0X00,0X00,0X00,0X00,0X00,0X00,0X00,0X00,0X00,
  351          0X00,0X00,0X0F,0X0F,0X0F,0X0F,0X0F,0X0F,0X0F,0X0F,0X0F,0X0F,0X0F,0X0F,0X0F,0X0F,
  352          0X00,0X00,0X00,0X00,0X00,0X00,0X00,0X00,0X00,0X00,0X00,0X00,0X00,0X00,0X00,0X00,
  353          0X00,0X00,0X00,0X00,0X00,0X00,0X00,0X00,0X00,0X05,0X0F,0X0F,0X0F,0X0F,0X0F,0X0F,
  354          0X0F,0X0F,0X0F,0X0F,0X0F,0X0F,0X0F,0X06,0X00,0X00,0X00,0X00,0X0A,0X0F,0X0F,0X0F,
  355          0X0F,0X0F,0X0F,0X0F,0X0F,0X0F,0X0F,0X0F,0X0F,0X0F,0X0F,0X00,0X00,0X00,0X00,0X00,
  356          0X00,0X00,0X00,0X00,0X00,0X0F,0X0F,0X0F,0X0F,0X0F,0X0F,0X0F,0X0F,0X0F,0X0F,0X0F,
  357          0X0F,0X0F,0X0F,0X0A,0X00,0X00,0X00,0X00,0X00,0X00,0X00,0X00,0X00,0X00,0X00,0X00,
  358          0X00,0X00,0X00,0X00,0X00,0X00,0X00,0X00,0X00,0X00,0X00,0X00,0X00,0X00,0X00,0X00,
  359          0X00,0X00,0X0F,0X0F,0X0F,0X0F,0X0F,0X0F,0X0F,0X0F,0X0F,0X0F,0X0F,0X0F,0X0F,0X0F,
  360          0X00,0X00,0X00,0X00,0X00,0X00,0X00,0X00,0X00,0X00,0X00,0X00,0X00,0X00,0X00,0X00,
  361          0X00,0X00,0X00,0X00,0X00,0X00,0X00,0X00,0X00,0X05,0X0F,0X0F,0X0F,0X0F,0X0F,0X0F,
  362          0X0F,0X0F,0X0F,0X0F,0X0F,0X0F,0X0F,0X06,0X00,0X00,0X00,0X00,0X0A,0X0F,0X0F,0X0F,
  363          0X0F,0X0F,0X0F,0X0F,0X0F,0X0F,0X0F,0X0F,0X0F,0X0F,0X0F,0X00,0X00,0X00,0X00,0X00,
  364          0X00,0X00,0X00,0X00,0X00,0X0F,0X0F,0X0F,0X0F,0X0F,0X0F,0X0F,0X0F,0X0F,0X0F,0X0F,
  365          0X0F,0X0F,0X0F,0X0A,0X00,0X00,0X00,0X00,0X00,0X00,0X00,0X00,0X00,0X00,0X00,0X00,
  366          0X00,0X00,0X00,0X00,0X00,0X00,0X00,0X00,0X00,0X00,0X00,0X00,0X00,0X00,0X00,0X00,
  367          0X00,0X00,0X0F,0X0F,0X0F,0X0F,0X0F,0X0F,0X0F,0X0F,0X0F,0X0F,0X0F,0X0F,0X0F,0X0F,
  368          0X00,0X00,0X00,0X00,0X00,0X00,0X00,0X00,0X00,0X00,0X00,0X00,0X00,0X00,0X00,0X00,
  369          0X00,0X00,0X00,0X00,0X00,0X00,0X00,0X00,0X00,0X05,0X0F,0X0F,0X0F,0X0F,0X0F,0X0F,
  370          0X0F,0X0F,0X0F,0X0F,0X0F,0X0F,0X0F,0X06,0X00,0X00,0X00,0X00,0X0A,0X0F,0X0F,0X0F,
  371          0X0F,0X0F,0X0F,0X0F,0X0F,0X0F,0X0F,0X0F,0X0F,0X0F,0X0F,0X00,0X00,0X00,0X00,0X00,
  372          0X00,0X00,0X00,0X00,0X00,0X0F,0X0F,0X0F,0X0F,0X0F,0X0F,0X0F,0X0F,0X0F,0X0F,0X0F,
  373          0X0F,0X0F,0X0F,0X0A,0X00,0X00,0X00,0X00,0X00,0X00,0X00,0X00,0X00,0X00,0X00,0X00,
  374          0X00,0X00,0X00,0X00,0X00,0X00,0X00,0X00,0X00,0X00,0X00,0X00,0X00,0X00,0X00,0X00,
  375          0X00,0X00,0X0F,0X0F,0X0F,0X0F,0X0F,0X0F,0X0F,0X0F,0X0F,0X0F,0X0F,0X0F,0X0F,0X0F,
  376          0X00,0X00,0X00,0X00,0X00,0X00,0X00,0X00,0X00,0X00,0X00,0X00,0X00,0X00,0X00,0X00,
  377          0X00,0X00,0X00,0X00,0X00,0X00,0X00,0X00,0X00,0X05,0X0F,0X0F,0X0F,0X0F,0X0F,0X0F,
  378          0X0F,0X0F,0X0F,0X0F,0X0F,0X0F,0X0F,0X06,0X00,0X00,0X00,0X00,0X0A,0X0F,0X0F,0X0F,
  379          0X0F,0X0F,0X0F,0X0F,0X0F,0X0F,0X0F,0X0F,0X0F,0X0F,0X05,0X00,0X00,0X00,0X00,0X00,
  380          0X00,0X00,0X00,0X00,0X00,0X05,0X0F,0X0F,0X0F,0X0F,0X0F,0X0F,0X0F,0X0F,0X0F,0X0F,
  381          0X0F,0X0F,0X0F,0X0A,0X00,0X00,0X00,0X00,0X00,0X00,0X00,0X00,0X00,0X00,0X00,0X00,
  382          0X00,0X00,0X00,0X00,0X00,0X00,0X00,0X00,0X00,0X00,0X00,0X00,0X00,0X00,0X00,0X00,
  383          0X00,0X00,0X0F,0X0F,0X0F,0X0F,0X0F,0X0F,0X0F,0X0F,0X0F,0X0F,0X0F,0X0F,0X0F,0X0F,
  384          0X00,0X00,0X00,0X00,0X00,0X00,0X00,0X00,0X00,0X00,0X00,0X00,0X00,0X00,0X00,0X00,
  385          0X00,0X00,0X00,0X00,0X00,0X00,0X00,0X00,0X00,0X05,0X0F,0X0F,0X0F,0X0F,0X0F,0X0F,
C251 COMPILER V5.60.0,  SEEKFREE_FONT                                                      10/01/22  22:23:46  PAGE 7   

  386          0X0F,0X0F,0X0F,0X0F,0X0F,0X0F,0X0F,0X06,0X00,0X00,0X00,0X00,0X0A,0X0F,0X0F,0X0F,
  387          0X0F,0X0F,0X0F,0X0F,0X0F,0X0F,0X0F,0X0F,0X0F,0X0A,0X00,0X00,0X00,0X00,0X00,0X00,
  388          0X00,0X00,0X00,0X00,0X00,0X00,0X0A,0X0F,0X0F,0X0F,0X0F,0X0F,0X0F,0X0F,0X0F,0X0F,
  389          0X0F,0X0F,0X0F,0X0A,0X00,0X00,0X00,0X00,0X00,0X00,0X00,0X00,0X00,0X00,0X00,0X00,
  390          0X00,0X00,0X00,0X00,0X00,0X00,0X00,0X00,0X00,0X00,0X00,0X00,0X00,0X00,0X00,0X00,
  391          0X00,0X00,0X0F,0X0F,0X0F,0X0F,0X0F,0X0F,0X0F,0X0F,0X0F,0X0F,0X0F,0X0F,0X0F,0X0F,
  392          0X00,0X00,0X00,0X00,0X00,0X00,0X00,0X00,0X00,0X00,0X00,0X00,0X00,0X00,0X00,0X00,
  393          0X00,0X00,0X00,0X00,0X00,0X00,0X00,0X00,0X00,0X05,0X0F,0X0F,0X0F,0X0F,0X0F,0X0F,
  394          0X0F,0X0F,0X0F,0X0F,0X0F,0X0F,0X0F,0X06,0X00,0X00,0X00,0X00,0X0A,0X0F,0X0F,0X0F,
  395          0X0F,0X0F,0X0F,0X0F,0X0F,0X0F,0X0F,0X0F,0X0F,0X0A,0X00,0X00,0X00,0X00,0X00,0X00,
  396          0X00,0X00,0X00,0X00,0X00,0X00,0X0A,0X0F,0X0F,0X0F,0X0F,0X0F,0X0F,0X0F,0X0F,0X0F,
  397          0X0F,0X0F,0X0F,0X0A,0X00,0X00,0X00,0X00,0X00,0X00,0X00,0X00,0X00,0X00,0X00,0X00,
  398          0X00,0X00,0X00,0X00,0X00,0X00,0X00,0X00,0X00,0X00,0X00,0X00,0X00,0X00,0X00,0X00,
  399          0X00,0X00,0X0F,0X0F,0X0F,0X0F,0X0F,0X0F,0X0F,0X0F,0X0F,0X0F,0X0F,0X0F,0X0F,0X0F,
  400          0X00,0X00,0X00,0X00,0X00,0X00,0X00,0X00,0X00,0X00,0X00,0X00,0X00,0X00,0X00,0X00,
  401          0X00,0X00,0X00,0X00,0X00,0X00,0X00,0X00,0X00,0X05,0X0F,0X0F,0X0F,0X0F,0X0F,0X0F,
  402          0X0F,0X0F,0X0F,0X0F,0X0F,0X0F,0X0F,0X06,0X00,0X00,0X00,0X00,0X0A,0X0F,0X0F,0X0F,
  403          0X0F,0X0F,0X0F,0X0F,0X0F,0X0F,0X0F,0X0F,0X0F,0X0A,0X00,0X00,0X00,0X00,0X00,0X00,
  404          0X00,0X00,0X00,0X00,0X00,0X00,0X0A,0X0F,0X0F,0X0F,0X0F,0X0F,0X0F,0X0F,0X0F,0X0F,
  405          0X0F,0X0F,0X0F,0X0A,0X00,0X00,0X00,0X00,0X00,0X00,0X00,0X00,0X00,0X00,0X00,0X00,
  406          0X00,0X00,0X00,0X00,0X00,0X00,0X00,0X00,0X00,0X00,0X00,0X00,0X00,0X00,0X00,0X00,
  407          0X00,0X00,0X0F,0X0F,0X0F,0X0F,0X0F,0X0F,0X0F,0X0F,0X0F,0X0F,0X0F,0X0F,0X0F,0X0F,
  408          0X00,0X00,0X00,0X00,0X00,0X00,0X00,0X00,0X00,0X00,0X00,0X00,0X00,0X00,0X00,0X00,
  409          0X00,0X00,0X00,0X00,0X00,0X00,0X00,0X00,0X00,0X05,0X0F,0X0F,0X0F,0X0F,0X0F,0X0F,
  410          0X0F,0X0F,0X0F,0X0F,0X0F,0X0F,0X0F,0X06,0X00,0X00,0X00,0X00,0X0A,0X0F,0X0F,0X0F,
  411          0X0F,0X0F,0X0F,0X0F,0X0F,0X0F,0X0F,0X0F,0X0F,0X0A,0X00,0X00,0X00,0X00,0X00,0X00,
  412          0X00,0X00,0X00,0X00,0X00,0X00,0X0A,0X0F,0X0F,0X0F,0X0F,0X0F,0X0F,0X0F,0X0F,0X0F,
  413          0X0F,0X0F,0X0F,0X0A,0X00,0X00,0X00,0X00,0X00,0X00,0X00,0X00,0X00,0X00,0X00,0X00,
  414          0X00,0X00,0X00,0X00,0X00,0X00,0X00,0X00,0X00,0X00,0X00,0X00,0X00,0X00,0X00,0X00,
  415          0X00,0X00,0X0F,0X0F,0X0F,0X0F,0X0F,0X0F,0X0F,0X0F,0X0F,0X0F,0X0F,0X0F,0X0F,0X0F,
  416          0X00,0X00,0X00,0X00,0X00,0X00,0X00,0X00,0X00,0X00,0X00,0X00,0X00,0X00,0X00,0X00,
  417          0X00,0X00,0X00,0X00,0X00,0X00,0X00,0X00,0X00,0X05,0X0F,0X0F,0X0F,0X0F,0X0F,0X0F,
  418          0X0F,0X0F,0X0F,0X0F,0X0F,0X0F,0X0F,0X06,0X00,0X00,0X00,0X00,0X0A,0X0F,0X0F,0X0F,
  419          0X0F,0X0F,0X0F,0X0F,0X0F,0X0F,0X0F,0X0F,0X0F,0X0A,0X00,0X00,0X00,0X00,0X00,0X00,
  420          0X00,0X00,0X00,0X00,0X00,0X00,0X0A,0X0F,0X0F,0X0F,0X0F,0X0F,0X0F,0X0F,0X0F,0X0F,
  421          0X0F,0X0F,0X0F,0X0A,0X00,0X00,0X00,0X00,0X00,0X00,0X00,0X00,0X00,0X00,0X00,0X00,
  422          0X00,0X00,0X00,0X00,0X00,0X00,0X00,0X00,0X00,0X00,0X00,0X00,0X00,0X00,0X00,0X00,
  423          0X00,0X00,0X0F,0X0F,0X0F,0X0F,0X0F,0X0F,0X0F,0X0F,0X0F,0X0F,0X0F,0X0F,0X0F,0X0F,
  424          0X0A,0X0F,0X0F,0X0F,0X0F,0X0F,0X0F,0X0F,0X0F,0X0F,0X0F,0X0F,0X0F,0X0F,0X0F,0X0F,
  425          0X0F,0X0F,0X0F,0X0F,0X0F,0X0F,0X0F,0X0F,0X0F,0X0F,0X0F,0X0F,0X0F,0X0F,0X0F,0X0F,
  426          0X0F,0X0F,0X0F,0X0F,0X0F,0X0F,0X0F,0X06,0X00,0X00,0X00,0X00,0X0A,0X0F,0X0F,0X0F,
  427          0X0F,0X0F,0X0F,0X0F,0X0F,0X0F,0X0F,0X0F,0X0F,0X0A,0X00,0X00,0X00,0X00,0X00,0X00,
  428          0X00,0X00,0X00,0X00,0X00,0X00,0X0A,0X0F,0X0F,0X0F,0X0F,0X0F,0X0F,0X0F,0X0F,0X0F,
  429          0X0F,0X0F,0X0F,0X0A,0X00,0X00,0X00,0X00,0X05,0X0F,0X0F,0X0F,0X0F,0X0F,0X0F,0X0F,
  430          0X0F,0X0F,0X0F,0X0F,0X0F,0X0F,0X0F,0X0F,0X0F,0X0F,0X0F,0X0F,0X0F,0X0F,0X0F,0X0F,
  431          0X0F,0X0F,0X0F,0X0F,0X0F,0X0F,0X0F,0X0F,0X0F,0X0F,0X0F,0X0F,0X0F,0X0F,0X0F,0X0F,
  432          0X0F,0X0F,0X0F,0X0F,0X0F,0X0F,0X0F,0X0F,0X0F,0X0F,0X0F,0X0F,0X0F,0X0F,0X0F,0X0F,
  433          0X0F,0X0F,0X0F,0X0F,0X0F,0X0F,0X0F,0X0F,0X0F,0X0F,0X0F,0X0F,0X0F,0X0F,0X0F,0X0F,
  434          0X0F,0X0F,0X0F,0X0F,0X0F,0X0F,0X0F,0X06,0X00,0X00,0X00,0X00,0X0A,0X0F,0X0F,0X0F,
  435          0X0F,0X0F,0X0F,0X0F,0X0F,0X0F,0X0F,0X0F,0X0F,0X0F,0X0F,0X0F,0X0F,0X0F,0X0F,0X00,
  436          0X00,0X0F,0X0F,0X0F,0X0F,0X0F,0X0F,0X0F,0X0F,0X0F,0X0F,0X0F,0X0F,0X0F,0X0F,0X0F,
  437          0X0F,0X0F,0X0F,0X0A,0X00,0X00,0X00,0X00,0X0A,0X0F,0X0F,0X0F,0X0F,0X0F,0X0F,0X0F,
  438          0X0F,0X0F,0X0F,0X0F,0X0F,0X0F,0X0F,0X0F,0X0F,0X0F,0X0F,0X0F,0X0F,0X0F,0X0F,0X0F,
  439          0X0F,0X0F,0X0F,0X0F,0X0F,0X0F,0X0F,0X0F,0X0F,0X0F,0X0F,0X0F,0X0F,0X0F,0X0F,0X0F,
  440          0X0F,0X0F,0X0F,0X0F,0X0F,0X0F,0X0F,0X0F,0X0F,0X0F,0X0F,0X0F,0X0F,0X0F,0X0F,0X0F,
  441          0X0F,0X0F,0X0F,0X0F,0X0F,0X0F,0X0F,0X0F,0X0F,0X0F,0X0F,0X0F,0X0F,0X0F,0X0F,0X0F,
  442          0X0F,0X0F,0X0F,0X0F,0X0F,0X0F,0X0F,0X06,0X00,0X00,0X00,0X00,0X0A,0X0F,0X0F,0X0F,
  443          0X0F,0X0F,0X0F,0X0F,0X0F,0X0F,0X0F,0X0F,0X0F,0X0F,0X0F,0X0F,0X0F,0X0F,0X0A,0X00,
  444          0X00,0X0A,0X0F,0X0F,0X0F,0X0F,0X0F,0X0F,0X0F,0X0F,0X0F,0X0F,0X0F,0X0F,0X0F,0X0F,
  445          0X0F,0X0F,0X0F,0X0A,0X00,0X00,0X00,0X00,0X06,0X0F,0X0F,0X0F,0X0F,0X0F,0X0F,0X0F,
  446          0X0F,0X0F,0X0F,0X0F,0X0F,0X0F,0X0F,0X0F,0X0F,0X0F,0X0F,0X0F,0X0F,0X0F,0X0F,0X0F,
  447          0X0F,0X0F,0X0F,0X0F,0X0F,0X0F,0X0F,0X0F,0X0F,0X0F,0X0F,0X0F,0X0F,0X0F,0X0F,0X0F,
  448          0X0F,0X0F,0X0F,0X0F,0X0F,0X0F,0X0F,0X0F,0X0F,0X0F,0X0F,0X0F,0X0F,0X0F,0X0F,0X0F,
  449          0X0F,0X0F,0X0F,0X0F,0X0F,0X0F,0X0F,0X0F,0X0F,0X0F,0X0F,0X0F,0X0F,0X0F,0X0F,0X0F,
  450          0X0F,0X0F,0X0F,0X0F,0X0F,0X0F,0X0F,0X06,0X00,0X00,0X00,0X00,0X0A,0X0F,0X0F,0X0F,
  451          0X0F,0X0F,0X0F,0X0F,0X0F,0X0F,0X0F,0X0F,0X0F,0X0F,0X0F,0X0F,0X0F,0X0F,0X0A,0X00,
C251 COMPILER V5.60.0,  SEEKFREE_FONT                                                      10/01/22  22:23:46  PAGE 8   

  452          0X00,0X0A,0X0F,0X0F,0X0F,0X0F,0X0F,0X0F,0X0F,0X0F,0X0F,0X0F,0X0F,0X0F,0X0F,0X0F,
  453          0X0F,0X0F,0X0F,0X0A,0X00,0X00,0X00,0X00,0X06,0X0F,0X0F,0X0F,0X0F,0X0F,0X0F,0X0F,
  454          0X0F,0X0F,0X0F,0X0F,0X0F,0X0F,0X0F,0X0F,0X0F,0X0F,0X0F,0X0F,0X0F,0X0F,0X0F,0X0F,
  455          0X0F,0X0F,0X0F,0X0F,0X0F,0X0F,0X0F,0X0F,0X0F,0X0F,0X0F,0X0F,0X0F,0X0F,0X0F,0X0F,
  456          0X0F,0X0F,0X0F,0X0F,0X0F,0X0F,0X0F,0X0F,0X0F,0X0F,0X0F,0X0F,0X0F,0X0F,0X0F,0X0F,
  457          0X0F,0X0F,0X0F,0X0F,0X0F,0X0F,0X0F,0X0F,0X0F,0X0F,0X0F,0X0F,0X0F,0X0F,0X0F,0X0F,
  458          0X0F,0X0F,0X0F,0X0F,0X0F,0X0F,0X0F,0X06,0X00,0X00,0X00,0X00,0X0A,0X0F,0X0F,0X0F,
  459          0X0F,0X0F,0X0F,0X0F,0X0F,0X0F,0X0F,0X0F,0X0F,0X0F,0X0F,0X0F,0X0F,0X0F,0X0A,0X00,
  460          0X00,0X0A,0X0F,0X0F,0X0F,0X0F,0X0F,0X0F,0X0F,0X0F,0X0F,0X0F,0X0F,0X0F,0X0F,0X0F,
  461          0X0F,0X0F,0X0F,0X0A,0X00,0X00,0X00,0X00,0X06,0X0F,0X0F,0X0F,0X0F,0X0F,0X0F,0X0F,
  462          0X0F,0X0F,0X0F,0X0F,0X0F,0X0F,0X0F,0X0F,0X0F,0X0F,0X0F,0X0F,0X0F,0X0F,0X0F,0X0F,
  463          0X0F,0X0F,0X0F,0X0F,0X0F,0X0F,0X0F,0X0F,0X0F,0X0F,0X0F,0X0F,0X0F,0X0F,0X0F,0X0F,
  464          0X0F,0X0F,0X0F,0X0F,0X0F,0X0F,0X0F,0X0F,0X0F,0X0F,0X0F,0X0F,0X0F,0X0F,0X0F,0X0F,
  465          0X0F,0X0F,0X0F,0X0F,0X0F,0X0F,0X0F,0X0F,0X0F,0X0F,0X0F,0X0F,0X0F,0X0F,0X0F,0X0F,
  466          0X0F,0X0F,0X0F,0X0F,0X0F,0X0F,0X0F,0X06,0X00,0X00,0X00,0X00,0X0A,0X0F,0X0F,0X0F,
  467          0X0F,0X0F,0X0F,0X0F,0X0F,0X0F,0X0F,0X0F,0X0F,0X0F,0X0F,0X0F,0X0F,0X0F,0X0A,0X00,
  468          0X00,0X0A,0X0F,0X0F,0X0F,0X0F,0X0F,0X0F,0X0F,0X0F,0X0F,0X0F,0X0F,0X0F,0X0F,0X0F,
  469          0X0F,0X0F,0X0F,0X0A,0X00,0X00,0X00,0X00,0X06,0X0F,0X0F,0X0F,0X0F,0X0F,0X0F,0X0F,
  470          0X0F,0X0F,0X0F,0X0F,0X0F,0X0F,0X0F,0X0F,0X0F,0X0F,0X0F,0X0F,0X0F,0X0F,0X0F,0X0F,
  471          0X0F,0X0F,0X0F,0X0F,0X0F,0X0F,0X0F,0X0F,0X0F,0X0F,0X0F,0X0F,0X0F,0X0F,0X0F,0X0F,
  472          0X0F,0X0F,0X0F,0X0F,0X0F,0X0F,0X0F,0X0F,0X0F,0X0F,0X0F,0X0F,0X0F,0X0F,0X0F,0X0F,
  473          0X0F,0X0F,0X0F,0X0F,0X0F,0X0F,0X0F,0X0F,0X0F,0X0F,0X0F,0X0F,0X0F,0X0F,0X0F,0X0F,
  474          0X0F,0X0F,0X0F,0X0F,0X0F,0X0F,0X0F,0X06,0X00,0X00,0X00,0X00,0X0A,0X0F,0X0F,0X0F,
  475          0X0F,0X0F,0X0F,0X0F,0X0F,0X0F,0X0F,0X0F,0X0F,0X0F,0X0F,0X0F,0X0F,0X0F,0X0A,0X00,
  476          0X00,0X0A,0X0F,0X0F,0X0F,0X0F,0X0F,0X0F,0X0F,0X0F,0X0F,0X0F,0X0F,0X0F,0X0F,0X0F,
  477          0X0F,0X0F,0X0F,0X0B,0X00,0X00,0X00,0X00,0X06,0X0F,0X0F,0X0F,0X0F,0X0F,0X0F,0X0F,
  478          0X0F,0X0F,0X0F,0X0F,0X0F,0X0F,0X0F,0X0F,0X0F,0X0F,0X0F,0X0F,0X0F,0X0F,0X0F,0X0F,
  479          0X0F,0X0F,0X0F,0X0F,0X0F,0X0F,0X0F,0X0F,0X0F,0X0F,0X0F,0X0F,0X0F,0X0F,0X0F,0X0F,
  480          0X0F,0X0F,0X0F,0X0F,0X0F,0X0F,0X0F,0X0F,0X0F,0X0F,0X0F,0X0F,0X0F,0X0F,0X0F,0X0F,
  481          0X0F,0X0F,0X0F,0X0F,0X0F,0X0F,0X0F,0X0F,0X0F,0X0F,0X0F,0X0F,0X0F,0X0F,0X0F,0X0F,
  482          0X0F,0X0F,0X0F,0X0F,0X0F,0X0F,0X0F,0X06,0X00,0X00,0X00,0X00,0X0A,0X0F,0X0F,0X0F,
  483          0X0F,0X0F,0X0F,0X0F,0X0F,0X0F,0X0F,0X0F,0X0F,0X0F,0X0F,0X0F,0X0F,0X0F,0X0A,0X00,
  484          0X00,0X0A,0X0F,0X0F,0X0F,0X0F,0X0F,0X0F,0X0F,0X0F,0X0F,0X0F,0X0F,0X0F,0X0F,0X0F,
  485          0X0F,0X0F,0X0F,0X0A,0X00,0X00,0X00,0X00,0X06,0X0F,0X0F,0X0F,0X0F,0X0F,0X0F,0X0F,
  486          0X0F,0X0F,0X0F,0X0F,0X0F,0X0F,0X0F,0X0F,0X0F,0X0F,0X0F,0X0F,0X0F,0X0F,0X0F,0X0F,
  487          0X0F,0X0F,0X0F,0X0F,0X0F,0X0F,0X0F,0X0F,0X0F,0X0F,0X0F,0X0F,0X0F,0X0F,0X0F,0X0F,
  488          0X0F,0X0F,0X0F,0X0F,0X0F,0X0F,0X0F,0X0F,0X0F,0X0F,0X0F,0X0F,0X0F,0X0F,0X0F,0X0F,
  489          0X0F,0X0F,0X0F,0X0F,0X0F,0X0F,0X0F,0X0F,0X0F,0X0F,0X0F,0X0F,0X0F,0X0F,0X0F,0X0F,
  490          0X0F,0X0F,0X0F,0X0F,0X0F,0X0F,0X0F,0X06,0X00,0X00,0X00,0X00,0X0A,0X0F,0X0F,0X0F,
  491          0X0F,0X0F,0X0F,0X0F,0X0F,0X0F,0X0F,0X0F,0X0F,0X0F,0X0F,0X0F,0X0F,0X0F,0X0A,0X00,
  492          0X00,0X0A,0X0F,0X0F,0X0F,0X0F,0X0F,0X0F,0X0F,0X0F,0X0F,0X0F,0X0F,0X0F,0X0F,0X0F,
  493          0X0F,0X0F,0X0F,0X0A,0X00,0X00,0X00,0X00,0X06,0X0F,0X0F,0X0F,0X0F,0X0F,0X0F,0X0F,
  494          0X0F,0X0F,0X0F,0X0F,0X0F,0X0F,0X0F,0X0F,0X0F,0X0F,0X0F,0X0F,0X0F,0X0F,0X0F,0X0F,
  495          0X0F,0X0F,0X0F,0X0F,0X0F,0X0F,0X0F,0X0F,0X0F,0X0F,0X0F,0X0F,0X0F,0X0F,0X0F,0X0F,
  496          0X0F,0X0F,0X0F,0X0F,0X0F,0X0F,0X0F,0X0F,0X0F,0X0F,0X0F,0X0F,0X0F,0X0F,0X0F,0X0F,
  497          0X0F,0X0F,0X0F,0X0F,0X0F,0X0F,0X0F,0X0F,0X0F,0X0F,0X0F,0X0F,0X0F,0X0F,0X0F,0X0F,
  498          0X0F,0X0F,0X0F,0X0F,0X0F,0X0F,0X0F,0X06,0X00,0X00,0X00,0X00,0X00,0X0F,0X0F,0X0F,
  499          0X0F,0X0F,0X0F,0X0F,0X0F,0X0F,0X0F,0X0F,0X0F,0X0F,0X0F,0X0F,0X0F,0X0F,0X0A,0X00,
  500          0X00,0X0A,0X0F,0X0F,0X0F,0X0F,0X0F,0X0F,0X0F,0X0F,0X0F,0X0F,0X0F,0X0F,0X0F,0X0F,
  501          0X0F,0X0F,0X0F,0X00,0X00,0X00,0X00,0X00,0X06,0X0F,0X0F,0X0F,0X0F,0X0F,0X0F,0X0F,
  502          0X0F,0X0F,0X0F,0X0F,0X0F,0X0F,0X0F,0X0F,0X0F,0X0F,0X0F,0X0F,0X0F,0X0F,0X0F,0X0F,
  503          0X0F,0X0F,0X0F,0X0F,0X0F,0X0F,0X0F,0X0F,0X0F,0X0F,0X0F,0X0F,0X0F,0X0F,0X0F,0X0F,
  504          0X0F,0X0F,0X0F,0X0F,0X0F,0X0F,0X0F,0X0F,0X0F,0X0F,0X0F,0X0F,0X0F,0X0F,0X0F,0X0F,
  505          0X0F,0X0F,0X0F,0X0F,0X0F,0X0F,0X0F,0X0F,0X0F,0X0F,0X0F,0X0F,0X0F,0X0F,0X0F,0X0F,
  506          0X0F,0X0F,0X0F,0X0F,0X0F,0X0F,0X0F,0X06,0X00,0X00,0X00,0X00,0X00,0X0F,0X0F,0X0F,
  507          0X0F,0X0F,0X0F,0X0F,0X0F,0X0F,0X0F,0X0F,0X0F,0X0F,0X0F,0X0F,0X0F,0X0F,0X0A,0X00,
  508          0X00,0X0A,0X0F,0X0F,0X0F,0X0F,0X0F,0X0F,0X0F,0X0F,0X0F,0X0F,0X0F,0X0F,0X0F,0X0F,
  509          0X0F,0X0F,0X0F,0X00,0X00,0X00,0X00,0X00,0X06,0X0F,0X0F,0X0F,0X0F,0X0F,0X0F,0X0F,
  510          0X0F,0X0F,0X0F,0X0F,0X0F,0X0F,0X0F,0X0F,0X0F,0X0F,0X0F,0X0F,0X0F,0X0F,0X0F,0X0F,
  511          0X0F,0X0F,0X0F,0X0F,0X0F,0X0F,0X0F,0X0F,0X0F,0X0F,0X0F,0X0F,0X0F,0X0F,0X0F,0X0F,
  512          0X0F,0X0F,0X0F,0X0F,0X0F,0X0F,0X0F,0X0F,0X0F,0X0F,0X0F,0X0F,0X0F,0X0F,0X0F,0X0F,
  513          0X0F,0X0F,0X0F,0X0F,0X0F,0X0F,0X0F,0X0F,0X0F,0X0F,0X0F,0X0F,0X0F,0X0F,0X0F,0X0F,
  514          0X0F,0X0F,0X0F,0X0F,0X0F,0X0F,0X0F,0X06,0X00,0X00,0X00,0X00,0X00,0X00,0X0F,0X0F,
  515          0X0F,0X0F,0X0F,0X0F,0X0F,0X0F,0X0F,0X0F,0X0F,0X0F,0X0F,0X0F,0X0F,0X0F,0X0A,0X00,
  516          0X00,0X0A,0X0F,0X0F,0X0F,0X0F,0X0F,0X0F,0X0F,0X0F,0X0F,0X0F,0X0F,0X0F,0X0F,0X0F,
  517          0X0F,0X0F,0X00,0X00,0X00,0X00,0X00,0X00,0X06,0X0F,0X0F,0X0F,0X0F,0X0F,0X0F,0X0F,
C251 COMPILER V5.60.0,  SEEKFREE_FONT                                                      10/01/22  22:23:46  PAGE 9   

  518          0X0F,0X0F,0X0F,0X0F,0X0F,0X0F,0X0F,0X0F,0X0F,0X0F,0X0F,0X0F,0X0F,0X0F,0X0F,0X0F,
  519          0X0F,0X0F,0X0F,0X0F,0X0F,0X0F,0X0F,0X0F,0X0F,0X0F,0X0F,0X0F,0X0F,0X0F,0X0F,0X0F,
  520          0X0F,0X0F,0X0F,0X0F,0X0F,0X0F,0X0F,0X0F,0X0F,0X0F,0X0F,0X0F,0X0F,0X0F,0X0F,0X0F,
  521          0X0F,0X0F,0X0F,0X0F,0X0F,0X0F,0X0F,0X0F,0X0F,0X0F,0X0F,0X0F,0X0F,0X0F,0X0F,0X0F,
  522          0X0F,0X0F,0X0F,0X0F,0X0F,0X0F,0X0F,0X0A,0X00,0X00,0X00,0X00,0X00,0X00,0X00,0X0F,
  523          0X0F,0X0F,0X0F,0X0F,0X0F,0X0F,0X0F,0X0F,0X0F,0X0F,0X0F,0X0F,0X0F,0X0F,0X0B,0X00,
  524          0X00,0X0A,0X0F,0X0F,0X0F,0X0F,0X0F,0X0F,0X0F,0X0F,0X0F,0X0F,0X0F,0X0F,0X0F,0X0F,
  525          0X0F,0X00,0X00,0X00,0X00,0X00,0X00,0X00,0X0A,0X0F,0X0F,0X0F,0X0F,0X0F,0X0F,0X0F,
  526          0X0F,0X0F,0X0F,0X0F,0X0F,0X0F,0X0F,0X0F,0X0F,0X0F,0X0F,0X0F,0X0F,0X0F,0X0F,0X0F,
  527          0X0F,0X0F,0X0F,0X0F,0X0F,0X0F,0X0F,0X0F,0X0F,0X0F,0X0F,0X0F,0X0F,0X0F,0X0F,0X0F,
  528          0X0A,0X0F,0X0F,0X0F,0X0F,0X0F,0X0F,0X0F,0X0F,0X0F,0X0F,0X0F,0X0F,0X0F,0X0F,0X0F,
  529          0X0F,0X0F,0X0F,0X0F,0X0F,0X0F,0X0F,0X0F,0X0F,0X0F,0X0F,0X0F,0X0F,0X0F,0X0F,0X0F,
  530          0X0F,0X0F,0X0F,0X0F,0X0F,0X0F,0X0F,0X05,0X00,0X00,0X00,0X00,0X00,0X00,0X00,0X00,
  531          0X05,0X0A,0X0F,0X0F,0X0F,0X0F,0X0F,0X0F,0X0F,0X0F,0X0F,0X0F,0X0F,0X0F,0X0A,0X00,
  532          0X00,0X0A,0X0F,0X0F,0X0F,0X0F,0X0F,0X0F,0X0F,0X0F,0X0F,0X0F,0X0F,0X0F,0X0A,0X05,
  533          0X00,0X00,0X00,0X00,0X00,0X00,0X00,0X00,0X05,0X0F,0X0F,0X0F,0X0F,0X0F,0X0F,0X0F,
  534          0X0F,0X0F,0X0F,0X0F,0X0F,0X0F,0X0F,0X0F,0X0F,0X0F,0X0F,0X0F,0X0F,0X0F,0X0F,0X0F,
  535          0X0F,0X0F,0X0F,0X0F,0X0F,0X0F,0X0F,0X0F,0X0F,0X0F,0X0F,0X0F,0X0F,0X0F,0X0F,0X0A,
  536          };
  537          
  538          const uint8 code tft_ascii[95][16] = 
  539          {
  540                  {0x00,0x00,0x00,0x00,0x00,0x00,0x00,0x00,0x00,0x00,0x00,0x00,0x00,0x00,0x00,0x00},/*" ",0*/
  541          
  542                  {0x00,0x00,0x00,0x08,0x08,0x08,0x08,0x08,0x08,0x08,0x00,0x00,0x08,0x08,0x00,0x00},/*"!",1*/
  543          
  544                  {0x00,0x48,0x24,0x24,0x12,0x00,0x00,0x00,0x00,0x00,0x00,0x00,0x00,0x00,0x00,0x00},/*""",2*/
  545          
  546                  {0x00,0x00,0x00,0x48,0x48,0x48,0x7E,0x24,0x24,0x24,0x7E,0x24,0x24,0x24,0x00,0x00},/*"#",3*/
  547          
  548                  {0x00,0x00,0x10,0x3C,0x52,0x52,0x12,0x1C,0x30,0x50,0x50,0x52,0x52,0x3C,0x10,0x10},/*"$",4*/
  549          
  550                  {0x00,0x00,0x00,0x22,0x25,0x15,0x15,0x0D,0x2A,0x58,0x54,0x54,0x52,0x22,0x00,0x00},/*"%",5*/
  551          
  552                  {0x00,0x00,0x00,0x0C,0x12,0x12,0x12,0x0A,0x76,0x25,0x29,0x19,0x91,0x6E,0x00,0x00},/*"&",6*/
  553          
  554                  {0x00,0x06,0x04,0x04,0x02,0x00,0x00,0x00,0x00,0x00,0x00,0x00,0x00,0x00,0x00,0x00},/*"'",7*/
  555          
  556                  {0x00,0x40,0x20,0x10,0x10,0x08,0x08,0x08,0x08,0x08,0x08,0x10,0x10,0x20,0x40,0x00},/*"(",8*/
  557          
  558                  {0x00,0x02,0x04,0x08,0x08,0x10,0x10,0x10,0x10,0x10,0x10,0x08,0x08,0x04,0x02,0x00},/*")",9*/
  559          
  560                  {0x00,0x00,0x00,0x00,0x08,0x08,0x6B,0x1C,0x1C,0x6B,0x08,0x08,0x00,0x00,0x00,0x00},/*"*",10*/
  561          
  562                  {0x00,0x00,0x00,0x00,0x00,0x10,0x10,0x10,0xFE,0x10,0x10,0x10,0x00,0x00,0x00,0x00},/*"+",11*/
  563          
  564                  {0x00,0x00,0x00,0x00,0x00,0x00,0x00,0x00,0x00,0x00,0x00,0x00,0x06,0x04,0x04,0x02},/*",",12*/
  565          
  566                  {0x00,0x00,0x00,0x00,0x00,0x00,0x00,0x00,0x7E,0x00,0x00,0x00,0x00,0x00,0x00,0x00},/*"-",13*/
  567          
  568                  {0x00,0x00,0x00,0x00,0x00,0x00,0x00,0x00,0x00,0x00,0x00,0x00,0x06,0x06,0x00,0x00},/*".",14*/
  569          
  570                  {0x00,0x00,0x40,0x20,0x20,0x20,0x10,0x10,0x08,0x08,0x08,0x04,0x04,0x02,0x02,0x00},/*"/",15*/
  571          
  572                  {0x00,0x00,0x00,0x18,0x24,0x42,0x42,0x42,0x42,0x42,0x42,0x42,0x24,0x18,0x00,0x00},/*"0",16*/
  573          
  574                  {0x00,0x00,0x00,0x10,0x1C,0x10,0x10,0x10,0x10,0x10,0x10,0x10,0x10,0x7C,0x00,0x00},/*"1",17*/
  575          
  576                  {0x00,0x00,0x00,0x3C,0x42,0x42,0x42,0x40,0x20,0x10,0x08,0x04,0x42,0x7E,0x00,0x00},/*"2",18*/
  577          
  578                  {0x00,0x00,0x00,0x3C,0x42,0x42,0x40,0x20,0x18,0x20,0x40,0x42,0x42,0x3C,0x00,0x00},/*"3",19*/
  579          
  580                  {0x00,0x00,0x00,0x20,0x30,0x30,0x28,0x24,0x24,0x22,0xFE,0x20,0x20,0xF8,0x00,0x00},/*"4",20*/
  581          
  582                  {0x00,0x00,0x00,0x7E,0x02,0x02,0x02,0x1E,0x22,0x40,0x40,0x42,0x22,0x1C,0x00,0x00},/*"5",21*/
  583          
C251 COMPILER V5.60.0,  SEEKFREE_FONT                                                      10/01/22  22:23:46  PAGE 10  

  584                  {0x00,0x00,0x00,0x18,0x24,0x02,0x02,0x3A,0x46,0x42,0x42,0x42,0x44,0x38,0x00,0x00},/*"6",22*/
  585          
  586                  {0x00,0x00,0x00,0x7E,0x42,0x20,0x20,0x10,0x10,0x08,0x08,0x08,0x08,0x08,0x00,0x00},/*"7",23*/
  587          
  588                  {0x00,0x00,0x00,0x3C,0x42,0x42,0x42,0x24,0x18,0x24,0x42,0x42,0x42,0x3C,0x00,0x00},/*"8",24*/
  589          
  590                  {0x00,0x00,0x00,0x1C,0x22,0x42,0x42,0x42,0x62,0x5C,0x40,0x40,0x24,0x18,0x00,0x00},/*"9",25*/
  591          
  592                  {0x00,0x00,0x00,0x00,0x00,0x00,0x18,0x18,0x00,0x00,0x00,0x00,0x18,0x18,0x00,0x00},/*":",26*/
  593          
  594                  {0x00,0x00,0x00,0x00,0x00,0x00,0x00,0x08,0x00,0x00,0x00,0x00,0x00,0x08,0x08,0x08},/*";",27*/
  595          
  596                  {0x00,0x00,0x00,0x40,0x20,0x10,0x08,0x04,0x02,0x04,0x08,0x10,0x20,0x40,0x00,0x00},/*"<",28*/
  597          
  598                  {0x00,0x00,0x00,0x00,0x00,0x00,0x7E,0x00,0x00,0x7E,0x00,0x00,0x00,0x00,0x00,0x00},/*"=",29*/
  599          
  600                  {0x00,0x00,0x00,0x02,0x04,0x08,0x10,0x20,0x40,0x20,0x10,0x08,0x04,0x02,0x00,0x00},/*">",30*/
  601          
  602                  {0x00,0x00,0x00,0x3C,0x42,0x42,0x46,0x20,0x10,0x10,0x10,0x00,0x18,0x18,0x00,0x00},/*"?",31*/
  603          
  604                  {0x00,0x00,0x00,0x1C,0x22,0x5A,0x55,0x55,0x55,0x55,0x55,0x3A,0x42,0x3C,0x00,0x00},/*"@",32*/
  605          
  606                  {0x00,0x00,0x00,0x08,0x08,0x18,0x14,0x14,0x24,0x3C,0x22,0x42,0x42,0xE7,0x00,0x00},/*"A",33*/
  607          
  608                  {0x00,0x00,0x00,0x1F,0x22,0x22,0x22,0x1E,0x22,0x42,0x42,0x42,0x22,0x1F,0x00,0x00},/*"B",34*/
  609          
  610                  {0x00,0x00,0x00,0x7C,0x42,0x42,0x01,0x01,0x01,0x01,0x01,0x42,0x22,0x1C,0x00,0x00},/*"C",35*/
  611          
  612                  {0x00,0x00,0x00,0x1F,0x22,0x42,0x42,0x42,0x42,0x42,0x42,0x42,0x22,0x1F,0x00,0x00},/*"D",36*/
  613          
  614                  {0x00,0x00,0x00,0x3F,0x42,0x12,0x12,0x1E,0x12,0x12,0x02,0x42,0x42,0x3F,0x00,0x00},/*"E",37*/
  615          
  616                  {0x00,0x00,0x00,0x3F,0x42,0x12,0x12,0x1E,0x12,0x12,0x02,0x02,0x02,0x07,0x00,0x00},/*"F",38*/
  617          
  618                  {0x00,0x00,0x00,0x3C,0x22,0x22,0x01,0x01,0x01,0x71,0x21,0x22,0x22,0x1C,0x00,0x00},/*"G",39*/
  619          
  620                  {0x00,0x00,0x00,0xE7,0x42,0x42,0x42,0x42,0x7E,0x42,0x42,0x42,0x42,0xE7,0x00,0x00},/*"H",40*/
  621          
  622                  {0x00,0x00,0x00,0x3E,0x08,0x08,0x08,0x08,0x08,0x08,0x08,0x08,0x08,0x3E,0x00,0x00},/*"I",41*/
  623          
  624                  {0x00,0x00,0x00,0x7C,0x10,0x10,0x10,0x10,0x10,0x10,0x10,0x10,0x10,0x10,0x11,0x0F},/*"J",42*/
  625          
  626                  {0x00,0x00,0x00,0x77,0x22,0x12,0x0A,0x0E,0x0A,0x12,0x12,0x22,0x22,0x77,0x00,0x00},/*"K",43*/
  627          
  628                  {0x00,0x00,0x00,0x07,0x02,0x02,0x02,0x02,0x02,0x02,0x02,0x02,0x42,0x7F,0x00,0x00},/*"L",44*/
  629          
  630                  {0x00,0x00,0x00,0x77,0x36,0x36,0x36,0x36,0x36,0x2A,0x2A,0x2A,0x2A,0x6B,0x00,0x00},/*"M",45*/
  631          
  632                  {0x00,0x00,0x00,0xE3,0x46,0x46,0x4A,0x4A,0x52,0x52,0x52,0x62,0x62,0x47,0x00,0x00},/*"N",46*/
  633          
  634                  {0x00,0x00,0x00,0x1C,0x22,0x41,0x41,0x41,0x41,0x41,0x41,0x41,0x22,0x1C,0x00,0x00},/*"O",47*/
  635          
  636                  {0x00,0x00,0x00,0x3F,0x42,0x42,0x42,0x42,0x3E,0x02,0x02,0x02,0x02,0x07,0x00,0x00},/*"P",48*/
  637          
  638                  {0x00,0x00,0x00,0x1C,0x22,0x41,0x41,0x41,0x41,0x41,0x41,0x4D,0x32,0x1C,0x60,0x00},/*"Q",49*/
  639          
  640                  {0x00,0x00,0x00,0x3F,0x42,0x42,0x42,0x3E,0x12,0x12,0x22,0x22,0x42,0xC7,0x00,0x00},/*"R",50*/
  641          
  642                  {0x00,0x00,0x00,0x7C,0x42,0x42,0x02,0x04,0x18,0x20,0x40,0x42,0x42,0x3E,0x00,0x00},/*"S",51*/
  643          
  644                  {0x00,0x00,0x00,0x7F,0x49,0x08,0x08,0x08,0x08,0x08,0x08,0x08,0x08,0x1C,0x00,0x00},/*"T",52*/
  645          
  646                  {0x00,0x00,0x00,0xE7,0x42,0x42,0x42,0x42,0x42,0x42,0x42,0x42,0x42,0x3C,0x00,0x00},/*"U",53*/
  647          
  648                  {0x00,0x00,0x00,0xE7,0x42,0x42,0x22,0x24,0x24,0x14,0x14,0x18,0x08,0x08,0x00,0x00},/*"V",54*/
  649          
C251 COMPILER V5.60.0,  SEEKFREE_FONT                                                      10/01/22  22:23:46  PAGE 11  

  650                  {0x00,0x00,0x00,0x6B,0x2A,0x2A,0x2A,0x2A,0x2A,0x36,0x14,0x14,0x14,0x14,0x00,0x00},/*"W",55*/
  651          
  652                  {0x00,0x00,0x00,0xE7,0x42,0x24,0x24,0x18,0x18,0x18,0x24,0x24,0x42,0xE7,0x00,0x00},/*"X",56*/
  653          
  654                  {0x00,0x00,0x00,0x77,0x22,0x22,0x14,0x14,0x08,0x08,0x08,0x08,0x08,0x1C,0x00,0x00},/*"Y",57*/
  655          
  656                  {0x00,0x00,0x00,0x7E,0x21,0x20,0x10,0x10,0x08,0x04,0x04,0x42,0x42,0x3F,0x00,0x00},/*"Z",58*/
  657          
  658                  {0x00,0x78,0x08,0x08,0x08,0x08,0x08,0x08,0x08,0x08,0x08,0x08,0x08,0x08,0x78,0x00},/*"[",59*/
  659          
  660                  {0x00,0x00,0x02,0x04,0x04,0x04,0x08,0x08,0x08,0x10,0x10,0x20,0x20,0x20,0x40,0x40},/*"\",60*/
  661          
  662                  {0x00,0x1E,0x10,0x10,0x10,0x10,0x10,0x10,0x10,0x10,0x10,0x10,0x10,0x10,0x1E,0x00},/*"]",61*/
  663          
  664                  {0x00,0x18,0x24,0x00,0x00,0x00,0x00,0x00,0x00,0x00,0x00,0x00,0x00,0x00,0x00,0x00},/*"^",62*/
  665          
  666                  {0x00,0x00,0x00,0x00,0x00,0x00,0x00,0x00,0x7E,0x00,0x00,0x00,0x00,0x00,0x00,0x00},/*"-",63*/
  667          
  668                  {0x00,0x06,0x08,0x00,0x00,0x00,0x00,0x00,0x00,0x00,0x00,0x00,0x00,0x00,0x00,0x00},/*"`",64*/
  669          
  670                  {0x00,0x00,0x00,0x00,0x00,0x00,0x00,0x1C,0x22,0x30,0x2C,0x22,0x32,0x6C,0x00,0x00},/*"a",65*/
  671          
  672                  {0x00,0x00,0x00,0x00,0x03,0x02,0x02,0x1A,0x26,0x42,0x42,0x42,0x26,0x1A,0x00,0x00},/*"b",66*/
  673          
  674                  {0x00,0x00,0x00,0x00,0x00,0x00,0x00,0x38,0x44,0x02,0x02,0x02,0x44,0x38,0x00,0x00},/*"c",67*/
  675          
  676                  {0x00,0x00,0x00,0x00,0x60,0x40,0x40,0x7C,0x42,0x42,0x42,0x42,0x62,0xDC,0x00,0x00},/*"d",68*/
  677          
  678                  {0x00,0x00,0x00,0x00,0x00,0x00,0x00,0x3C,0x42,0x42,0x7E,0x02,0x42,0x3C,0x00,0x00},/*"e",69*/
  679          
  680                  {0x00,0x00,0x00,0x00,0x30,0x48,0x08,0x3E,0x08,0x08,0x08,0x08,0x08,0x3E,0x00,0x00},/*"f",70*/
  681          
  682                  {0x00,0x00,0x00,0x00,0x00,0x00,0x00,0x7C,0x22,0x22,0x1C,0x02,0x3C,0x42,0x42,0x3C},/*"g",71*/
  683          
  684                  {0x00,0x00,0x00,0x00,0x03,0x02,0x02,0x3A,0x46,0x42,0x42,0x42,0x42,0xE7,0x00,0x00},/*"h",72*/
  685          
  686                  {0x00,0x00,0x00,0x0C,0x0C,0x00,0x00,0x0E,0x08,0x08,0x08,0x08,0x08,0x3E,0x00,0x00},/*"i",73*/
  687          
  688                  {0x00,0x00,0x00,0x30,0x30,0x00,0x00,0x38,0x20,0x20,0x20,0x20,0x20,0x20,0x22,0x1E},/*"j",74*/
  689          
  690                  {0x00,0x00,0x00,0x00,0x03,0x02,0x02,0x72,0x12,0x0A,0x0E,0x12,0x22,0x77,0x00,0x00},/*"k",75*/
  691          
  692                  {0x00,0x00,0x00,0x08,0x0E,0x08,0x08,0x08,0x08,0x08,0x08,0x08,0x08,0x3E,0x00,0x00},/*"l",76*/
  693          
  694                  {0x00,0x00,0x00,0x00,0x00,0x00,0x00,0x7F,0x92,0x92,0x92,0x92,0x92,0xB7,0x00,0x00},/*"m",77*/
  695          
  696                  {0x00,0x00,0x00,0x00,0x00,0x00,0x00,0x3B,0x46,0x42,0x42,0x42,0x42,0xE7,0x00,0x00},/*"n",78*/
  697          
  698                  {0x00,0x00,0x00,0x00,0x00,0x00,0x00,0x3C,0x42,0x42,0x42,0x42,0x42,0x3C,0x00,0x00},/*"o",79*/
  699          
  700                  {0x00,0x00,0x00,0x00,0x00,0x00,0x00,0x1B,0x26,0x42,0x42,0x42,0x26,0x1A,0x02,0x07},/*"p",80*/
  701          
  702                  {0x00,0x00,0x00,0x00,0x00,0x00,0x00,0x58,0x64,0x42,0x42,0x42,0x64,0x58,0x40,0xE0},/*"q",81*/
  703          
  704                  {0x00,0x00,0x00,0x00,0x00,0x00,0x00,0x77,0x4C,0x04,0x04,0x04,0x04,0x1F,0x00,0x00},/*"r",82*/
  705          
  706                  {0x00,0x00,0x00,0x00,0x00,0x00,0x00,0x7C,0x42,0x02,0x3C,0x40,0x42,0x3E,0x00,0x00},/*"s",83*/
  707          
  708                  {0x00,0x00,0x00,0x00,0x00,0x08,0x08,0x3E,0x08,0x08,0x08,0x08,0x48,0x30,0x00,0x00},/*"t",84*/
  709          
  710                  {0x00,0x00,0x00,0x00,0x00,0x00,0x00,0x63,0x42,0x42,0x42,0x42,0x62,0xDC,0x00,0x00},/*"u",85*/
  711          
  712                  {0x00,0x00,0x00,0x00,0x00,0x00,0x00,0x77,0x22,0x22,0x14,0x14,0x08,0x08,0x00,0x00},/*"v",86*/
  713          
  714                  {0x00,0x00,0x00,0x00,0x00,0x00,0x00,0xDB,0x91,0x52,0x5A,0x2A,0x24,0x24,0x00,0x00},/*"w",87*/
  715          
C251 COMPILER V5.60.0,  SEEKFREE_FONT                                                      10/01/22  22:23:46  PAGE 12  

  716                  {0x00,0x00,0x00,0x00,0x00,0x00,0x00,0x6E,0x24,0x18,0x18,0x18,0x24,0x76,0x00,0x00},/*"x",88*/
  717          
  718                  {0x00,0x00,0x00,0x00,0x00,0x00,0x00,0xE7,0x42,0x24,0x24,0x18,0x18,0x08,0x08,0x06},/*"y",89*/
  719          
  720                  {0x00,0x00,0x00,0x00,0x00,0x00,0x00,0x7E,0x22,0x10,0x08,0x08,0x44,0x7E,0x00,0x00},/*"z",90*/
  721          
  722                  {0x00,0xC0,0x20,0x20,0x20,0x20,0x20,0x20,0x10,0x20,0x20,0x20,0x20,0x20,0xC0,0x00},/*"{",91*/
  723          
  724                  {0x10,0x10,0x10,0x10,0x10,0x10,0x10,0x10,0x10,0x10,0x10,0x10,0x10,0x10,0x10,0x10},/*"|",92*/
  725          
  726                  {0x00,0x03,0x04,0x04,0x04,0x04,0x04,0x04,0x08,0x04,0x04,0x04,0x04,0x04,0x03,0x00},/*"}",93*/
  727          
  728                  {0x04,0x5A,0x20,0x00,0x00,0x00,0x00,0x00,0x00,0x00,0x00,0x00,0x00,0x00,0x00,0x00},/*"~",94*/
  729          };
  730          
  731          
  732          
  733          const uint8 code oled_6x8[][6] =
  734          {
  735                  { 0x00, 0x00, 0x00, 0x00, 0x00, 0x00 },   // sp
  736                  { 0x00, 0x00, 0x00, 0x2f, 0x00, 0x00 },   // !
  737                  { 0x00, 0x00, 0x07, 0x00, 0x07, 0x00 },   // "
  738                  { 0x00, 0x14, 0x7f, 0x14, 0x7f, 0x14 },   // #
  739                  { 0x00, 0x24, 0x2a, 0x7f, 0x2a, 0x12 },   // $
  740                  { 0x00, 0x62, 0x64, 0x08, 0x13, 0x23 },   // %
  741                  { 0x00, 0x36, 0x49, 0x55, 0x22, 0x50 },   // &
  742                  { 0x00, 0x00, 0x05, 0x03, 0x00, 0x00 },   // '
  743                  { 0x00, 0x00, 0x1c, 0x22, 0x41, 0x00 },   // (
  744                  { 0x00, 0x00, 0x41, 0x22, 0x1c, 0x00 },   // )
  745                  { 0x00, 0x14, 0x08, 0x3E, 0x08, 0x14 },   // *
  746                  { 0x00, 0x08, 0x08, 0x3E, 0x08, 0x08 },   // +
  747                  { 0x00, 0x00, 0x00, 0xA0, 0x60, 0x00 },   // ,
  748                  { 0x00, 0x08, 0x08, 0x08, 0x08, 0x08 },   // -
  749                  { 0x00, 0x00, 0x60, 0x60, 0x00, 0x00 },   // .
  750                  { 0x00, 0x20, 0x10, 0x08, 0x04, 0x02 },   // /
  751                  { 0x00, 0x3E, 0x51, 0x49, 0x45, 0x3E },   // 0
  752                  { 0x00, 0x00, 0x42, 0x7F, 0x40, 0x00 },   // 1
  753                  { 0x00, 0x42, 0x61, 0x51, 0x49, 0x46 },   // 2
  754                  { 0x00, 0x21, 0x41, 0x45, 0x4B, 0x31 },   // 3
  755                  { 0x00, 0x18, 0x14, 0x12, 0x7F, 0x10 },   // 4
  756                  { 0x00, 0x27, 0x45, 0x45, 0x45, 0x39 },   // 5
  757                  { 0x00, 0x3C, 0x4A, 0x49, 0x49, 0x30 },   // 6
  758                  { 0x00, 0x01, 0x71, 0x09, 0x05, 0x03 },   // 7
  759                  { 0x00, 0x36, 0x49, 0x49, 0x49, 0x36 },   // 8
  760                  { 0x00, 0x06, 0x49, 0x49, 0x29, 0x1E },   // 9
  761                  { 0x00, 0x00, 0x36, 0x36, 0x00, 0x00 },   // :
  762                  { 0x00, 0x00, 0x56, 0x36, 0x00, 0x00 },   // ;
  763                  { 0x00, 0x08, 0x14, 0x22, 0x41, 0x00 },   // <
  764                  { 0x00, 0x14, 0x14, 0x14, 0x14, 0x14 },   // =
  765                  { 0x00, 0x00, 0x41, 0x22, 0x14, 0x08 },   // >
  766                  { 0x00, 0x02, 0x01, 0x51, 0x09, 0x06 },   // ?
  767                  { 0x00, 0x32, 0x49, 0x59, 0x51, 0x3E },   // @
  768                  { 0x00, 0x7C, 0x12, 0x11, 0x12, 0x7C },   // A
  769                  { 0x00, 0x7F, 0x49, 0x49, 0x49, 0x36 },   // B
  770                  { 0x00, 0x3E, 0x41, 0x41, 0x41, 0x22 },   // C
  771                  { 0x00, 0x7F, 0x41, 0x41, 0x22, 0x1C },   // D
  772                  { 0x00, 0x7F, 0x49, 0x49, 0x49, 0x41 },   // E
  773                  { 0x00, 0x7F, 0x09, 0x09, 0x09, 0x01 },   // F
  774                  { 0x00, 0x3E, 0x41, 0x49, 0x49, 0x7A },   // G
  775                  { 0x00, 0x7F, 0x08, 0x08, 0x08, 0x7F },   // H
  776                  { 0x00, 0x00, 0x41, 0x7F, 0x41, 0x00 },   // I
  777                  { 0x00, 0x20, 0x40, 0x41, 0x3F, 0x01 },   // J
  778                  { 0x00, 0x7F, 0x08, 0x14, 0x22, 0x41 },   // K
  779                  { 0x00, 0x7F, 0x40, 0x40, 0x40, 0x40 },   // L
  780                  { 0x00, 0x7F, 0x02, 0x0C, 0x02, 0x7F },   // M
  781                  { 0x00, 0x7F, 0x04, 0x08, 0x10, 0x7F },   // N
C251 COMPILER V5.60.0,  SEEKFREE_FONT                                                      10/01/22  22:23:46  PAGE 13  

  782                  { 0x00, 0x3E, 0x41, 0x41, 0x41, 0x3E },   // O
  783                  { 0x00, 0x7F, 0x09, 0x09, 0x09, 0x06 },   // P
  784                  { 0x00, 0x3E, 0x41, 0x51, 0x21, 0x5E },   // Q
  785                  { 0x00, 0x7F, 0x09, 0x19, 0x29, 0x46 },   // R
  786                  { 0x00, 0x46, 0x49, 0x49, 0x49, 0x31 },   // S
  787                  { 0x00, 0x01, 0x01, 0x7F, 0x01, 0x01 },   // T
  788                  { 0x00, 0x3F, 0x40, 0x40, 0x40, 0x3F },   // U
  789                  { 0x00, 0x1F, 0x20, 0x40, 0x20, 0x1F },   // V
  790                  { 0x00, 0x3F, 0x40, 0x38, 0x40, 0x3F },   // W
  791                  { 0x00, 0x63, 0x14, 0x08, 0x14, 0x63 },   // X
  792                  { 0x00, 0x07, 0x08, 0x70, 0x08, 0x07 },   // Y
  793                  { 0x00, 0x61, 0x51, 0x49, 0x45, 0x43 },   // Z
  794                  { 0x00, 0x00, 0x7F, 0x41, 0x41, 0x00 },   // [
  795                  { 0x00, 0x55, 0x2A, 0x55, 0x2A, 0x55 },   // 55
  796                  { 0x00, 0x00, 0x41, 0x41, 0x7F, 0x00 },   // ]
  797                  { 0x00, 0x04, 0x02, 0x01, 0x02, 0x04 },   // ^
  798                  { 0x00, 0x40, 0x40, 0x40, 0x40, 0x40 },   // _
  799                  { 0x00, 0x00, 0x01, 0x02, 0x04, 0x00 },   // '
  800                  { 0x00, 0x20, 0x54, 0x54, 0x54, 0x78 },   // a
  801                  { 0x00, 0x7F, 0x48, 0x44, 0x44, 0x38 },   // b
  802                  { 0x00, 0x38, 0x44, 0x44, 0x44, 0x20 },   // c
  803                  { 0x00, 0x38, 0x44, 0x44, 0x48, 0x7F },   // d
  804                  { 0x00, 0x38, 0x54, 0x54, 0x54, 0x18 },   // e
  805                  { 0x00, 0x08, 0x7E, 0x09, 0x01, 0x02 },   // f
  806                  { 0x00, 0x18, 0xA4, 0xA4, 0xA4, 0x7C },   // g
  807                  { 0x00, 0x7F, 0x08, 0x04, 0x04, 0x78 },   // h
  808                  { 0x00, 0x00, 0x44, 0x7D, 0x40, 0x00 },   // i
  809                  { 0x00, 0x40, 0x80, 0x84, 0x7D, 0x00 },   // j
  810                  { 0x00, 0x7F, 0x10, 0x28, 0x44, 0x00 },   // k
  811                  { 0x00, 0x00, 0x41, 0x7F, 0x40, 0x00 },   // l
  812                  { 0x00, 0x7C, 0x04, 0x18, 0x04, 0x78 },   // m
  813                  { 0x00, 0x7C, 0x08, 0x04, 0x04, 0x78 },   // n
  814                  { 0x00, 0x38, 0x44, 0x44, 0x44, 0x38 },   // o
  815                  { 0x00, 0xFC, 0x24, 0x24, 0x24, 0x18 },   // p
  816                  { 0x00, 0x18, 0x24, 0x24, 0x18, 0xFC },   // q
  817                  { 0x00, 0x7C, 0x08, 0x04, 0x04, 0x08 },   // r
  818                  { 0x00, 0x48, 0x54, 0x54, 0x54, 0x20 },   // s
  819                  { 0x00, 0x04, 0x3F, 0x44, 0x40, 0x20 },   // t
  820                  { 0x00, 0x3C, 0x40, 0x40, 0x20, 0x7C },   // u
  821                  { 0x00, 0x1C, 0x20, 0x40, 0x20, 0x1C },   // v
  822                  { 0x00, 0x3C, 0x40, 0x30, 0x40, 0x3C },   // w
  823                  { 0x00, 0x44, 0x28, 0x10, 0x28, 0x44 },   // x
  824                  { 0x00, 0x1C, 0xA0, 0xA0, 0xA0, 0x7C },   // y
  825                  { 0x00, 0x44, 0x64, 0x54, 0x4C, 0x44 },   // z
  826                  { 0x14, 0x14, 0x14, 0x14, 0x14, 0x14 }    // horiz lines
  827          };
  828          
  829          
  830          
  831          
  832          const uint8 code oled_8x16[]=
  833          {
  834                  0x00,0x00,0x00,0x00,0x00,0x00,0x00,0x00,0x00,0x00,0x00,0x00,0x00,0x00,0x00,0x00,//  0
  835                  0x00,0x00,0x00,0xF8,0x00,0x00,0x00,0x00,0x00,0x00,0x00,0x33,0x30,0x00,0x00,0x00,//! 1
  836                  0x00,0x10,0x0C,0x06,0x10,0x0C,0x06,0x00,0x00,0x00,0x00,0x00,0x00,0x00,0x00,0x00,//" 2
  837                  0x40,0xC0,0x78,0x40,0xC0,0x78,0x40,0x00,0x04,0x3F,0x04,0x04,0x3F,0x04,0x04,0x00,//# 3
  838                  0x00,0x70,0x88,0xFC,0x08,0x30,0x00,0x00,0x00,0x18,0x20,0xFF,0x21,0x1E,0x00,0x00,//$ 4
  839                  0xF0,0x08,0xF0,0x00,0xE0,0x18,0x00,0x00,0x00,0x21,0x1C,0x03,0x1E,0x21,0x1E,0x00,//% 5
  840                  0x00,0xF0,0x08,0x88,0x70,0x00,0x00,0x00,0x1E,0x21,0x23,0x24,0x19,0x27,0x21,0x10,//& 6
  841                  0x10,0x16,0x0E,0x00,0x00,0x00,0x00,0x00,0x00,0x00,0x00,0x00,0x00,0x00,0x00,0x00,//' 7
  842                  0x00,0x00,0x00,0xE0,0x18,0x04,0x02,0x00,0x00,0x00,0x00,0x07,0x18,0x20,0x40,0x00,//( 8
  843                  0x00,0x02,0x04,0x18,0xE0,0x00,0x00,0x00,0x00,0x40,0x20,0x18,0x07,0x00,0x00,0x00,//) 9
  844                  0x40,0x40,0x80,0xF0,0x80,0x40,0x40,0x00,0x02,0x02,0x01,0x0F,0x01,0x02,0x02,0x00,//* 10
  845                  0x00,0x00,0x00,0xF0,0x00,0x00,0x00,0x00,0x01,0x01,0x01,0x1F,0x01,0x01,0x01,0x00,//+ 11
  846                  0x00,0x00,0x00,0x00,0x00,0x00,0x00,0x00,0x80,0xB0,0x70,0x00,0x00,0x00,0x00,0x00,//, 12
  847                  0x00,0x00,0x00,0x00,0x00,0x00,0x00,0x00,0x00,0x01,0x01,0x01,0x01,0x01,0x01,0x01,//- 13
C251 COMPILER V5.60.0,  SEEKFREE_FONT                                                      10/01/22  22:23:46  PAGE 14  

  848                  0x00,0x00,0x00,0x00,0x00,0x00,0x00,0x00,0x00,0x30,0x30,0x00,0x00,0x00,0x00,0x00,//. 14
  849                  0x00,0x00,0x00,0x00,0x80,0x60,0x18,0x04,0x00,0x60,0x18,0x06,0x01,0x00,0x00,0x00,/// 15
  850                  0x00,0xE0,0x10,0x08,0x08,0x10,0xE0,0x00,0x00,0x0F,0x10,0x20,0x20,0x10,0x0F,0x00,//0 16
  851                  0x00,0x10,0x10,0xF8,0x00,0x00,0x00,0x00,0x00,0x20,0x20,0x3F,0x20,0x20,0x00,0x00,//1 17
  852                  0x00,0x70,0x08,0x08,0x08,0x88,0x70,0x00,0x00,0x30,0x28,0x24,0x22,0x21,0x30,0x00,//2 18
  853                  0x00,0x30,0x08,0x88,0x88,0x48,0x30,0x00,0x00,0x18,0x20,0x20,0x20,0x11,0x0E,0x00,//3 19
  854                  0x00,0x00,0xC0,0x20,0x10,0xF8,0x00,0x00,0x00,0x07,0x04,0x24,0x24,0x3F,0x24,0x00,//4 20
  855                  0x00,0xF8,0x08,0x88,0x88,0x08,0x08,0x00,0x00,0x19,0x21,0x20,0x20,0x11,0x0E,0x00,//5 21
  856                  0x00,0xE0,0x10,0x88,0x88,0x18,0x00,0x00,0x00,0x0F,0x11,0x20,0x20,0x11,0x0E,0x00,//6 22
  857                  0x00,0x38,0x08,0x08,0xC8,0x38,0x08,0x00,0x00,0x00,0x00,0x3F,0x00,0x00,0x00,0x00,//7 23
  858                  0x00,0x70,0x88,0x08,0x08,0x88,0x70,0x00,0x00,0x1C,0x22,0x21,0x21,0x22,0x1C,0x00,//8 24
  859                  0x00,0xE0,0x10,0x08,0x08,0x10,0xE0,0x00,0x00,0x00,0x31,0x22,0x22,0x11,0x0F,0x00,//9 25
  860                  0x00,0x00,0x00,0xC0,0xC0,0x00,0x00,0x00,0x00,0x00,0x00,0x30,0x30,0x00,0x00,0x00,//: 26
  861                  0x00,0x00,0x00,0x80,0x00,0x00,0x00,0x00,0x00,0x00,0x80,0x60,0x00,0x00,0x00,0x00,//; 27
  862                  0x00,0x00,0x80,0x40,0x20,0x10,0x08,0x00,0x00,0x01,0x02,0x04,0x08,0x10,0x20,0x00,//< 28
  863                  0x40,0x40,0x40,0x40,0x40,0x40,0x40,0x00,0x04,0x04,0x04,0x04,0x04,0x04,0x04,0x00,//= 29
  864                  0x00,0x08,0x10,0x20,0x40,0x80,0x00,0x00,0x00,0x20,0x10,0x08,0x04,0x02,0x01,0x00,//> 30
  865                  0x00,0x70,0x48,0x08,0x08,0x08,0xF0,0x00,0x00,0x00,0x00,0x30,0x36,0x01,0x00,0x00,//? 31
  866                  0xC0,0x30,0xC8,0x28,0xE8,0x10,0xE0,0x00,0x07,0x18,0x27,0x24,0x23,0x14,0x0B,0x00,//@ 32
  867                  0x00,0x00,0xC0,0x38,0xE0,0x00,0x00,0x00,0x20,0x3C,0x23,0x02,0x02,0x27,0x38,0x20,//A 33
  868                  0x08,0xF8,0x88,0x88,0x88,0x70,0x00,0x00,0x20,0x3F,0x20,0x20,0x20,0x11,0x0E,0x00,//B 34
  869                  0xC0,0x30,0x08,0x08,0x08,0x08,0x38,0x00,0x07,0x18,0x20,0x20,0x20,0x10,0x08,0x00,//C 35
  870                  0x08,0xF8,0x08,0x08,0x08,0x10,0xE0,0x00,0x20,0x3F,0x20,0x20,0x20,0x10,0x0F,0x00,//D 36
  871                  0x08,0xF8,0x88,0x88,0xE8,0x08,0x10,0x00,0x20,0x3F,0x20,0x20,0x23,0x20,0x18,0x00,//E 37
  872                  0x08,0xF8,0x88,0x88,0xE8,0x08,0x10,0x00,0x20,0x3F,0x20,0x00,0x03,0x00,0x00,0x00,//F 38
  873                  0xC0,0x30,0x08,0x08,0x08,0x38,0x00,0x00,0x07,0x18,0x20,0x20,0x22,0x1E,0x02,0x00,//G 39
  874                  0x08,0xF8,0x08,0x00,0x00,0x08,0xF8,0x08,0x20,0x3F,0x21,0x01,0x01,0x21,0x3F,0x20,//H 40
  875                  0x00,0x08,0x08,0xF8,0x08,0x08,0x00,0x00,0x00,0x20,0x20,0x3F,0x20,0x20,0x00,0x00,//I 41
  876                  0x00,0x00,0x08,0x08,0xF8,0x08,0x08,0x00,0xC0,0x80,0x80,0x80,0x7F,0x00,0x00,0x00,//J 42
  877                  0x08,0xF8,0x88,0xC0,0x28,0x18,0x08,0x00,0x20,0x3F,0x20,0x01,0x26,0x38,0x20,0x00,//K 43
  878                  0x08,0xF8,0x08,0x00,0x00,0x00,0x00,0x00,0x20,0x3F,0x20,0x20,0x20,0x20,0x30,0x00,//L 44
  879                  0x08,0xF8,0xF8,0x00,0xF8,0xF8,0x08,0x00,0x20,0x3F,0x00,0x3F,0x00,0x3F,0x20,0x00,//M 45
  880                  0x08,0xF8,0x30,0xC0,0x00,0x08,0xF8,0x08,0x20,0x3F,0x20,0x00,0x07,0x18,0x3F,0x00,//N 46
  881                  0xE0,0x10,0x08,0x08,0x08,0x10,0xE0,0x00,0x0F,0x10,0x20,0x20,0x20,0x10,0x0F,0x00,//O 47
  882                  0x08,0xF8,0x08,0x08,0x08,0x08,0xF0,0x00,0x20,0x3F,0x21,0x01,0x01,0x01,0x00,0x00,//P 48
  883                  0xE0,0x10,0x08,0x08,0x08,0x10,0xE0,0x00,0x0F,0x18,0x24,0x24,0x38,0x50,0x4F,0x00,//Q 49
  884                  0x08,0xF8,0x88,0x88,0x88,0x88,0x70,0x00,0x20,0x3F,0x20,0x00,0x03,0x0C,0x30,0x20,//R 50
  885                  0x00,0x70,0x88,0x08,0x08,0x08,0x38,0x00,0x00,0x38,0x20,0x21,0x21,0x22,0x1C,0x00,//S 51
  886                  0x18,0x08,0x08,0xF8,0x08,0x08,0x18,0x00,0x00,0x00,0x20,0x3F,0x20,0x00,0x00,0x00,//T 52
  887                  0x08,0xF8,0x08,0x00,0x00,0x08,0xF8,0x08,0x00,0x1F,0x20,0x20,0x20,0x20,0x1F,0x00,//U 53
  888                  0x08,0x78,0x88,0x00,0x00,0xC8,0x38,0x08,0x00,0x00,0x07,0x38,0x0E,0x01,0x00,0x00,//V 54
  889                  0xF8,0x08,0x00,0xF8,0x00,0x08,0xF8,0x00,0x03,0x3C,0x07,0x00,0x07,0x3C,0x03,0x00,//W 55
  890                  0x08,0x18,0x68,0x80,0x80,0x68,0x18,0x08,0x20,0x30,0x2C,0x03,0x03,0x2C,0x30,0x20,//X 56
  891                  0x08,0x38,0xC8,0x00,0xC8,0x38,0x08,0x00,0x00,0x00,0x20,0x3F,0x20,0x00,0x00,0x00,//Y 57
  892                  0x10,0x08,0x08,0x08,0xC8,0x38,0x08,0x00,0x20,0x38,0x26,0x21,0x20,0x20,0x18,0x00,//Z 58
  893                  0x00,0x00,0x00,0xFE,0x02,0x02,0x02,0x00,0x00,0x00,0x00,0x7F,0x40,0x40,0x40,0x00,//[ 59
  894                  0x00,0x0C,0x30,0xC0,0x00,0x00,0x00,0x00,0x00,0x00,0x00,0x01,0x06,0x38,0xC0,0x00,//\ 60
  895                  0x00,0x02,0x02,0x02,0xFE,0x00,0x00,0x00,0x00,0x40,0x40,0x40,0x7F,0x00,0x00,0x00,//] 61
  896                  0x00,0x00,0x04,0x02,0x02,0x02,0x04,0x00,0x00,0x00,0x00,0x00,0x00,0x00,0x00,0x00,//^ 62
  897                  0x00,0x00,0x00,0x00,0x00,0x00,0x00,0x00,0x80,0x80,0x80,0x80,0x80,0x80,0x80,0x80,//_ 63
  898                  0x00,0x02,0x02,0x04,0x00,0x00,0x00,0x00,0x00,0x00,0x00,0x00,0x00,0x00,0x00,0x00,//` 64
  899                  0x00,0x00,0x80,0x80,0x80,0x80,0x00,0x00,0x00,0x19,0x24,0x22,0x22,0x22,0x3F,0x20,//a 65
  900                  0x08,0xF8,0x00,0x80,0x80,0x00,0x00,0x00,0x00,0x3F,0x11,0x20,0x20,0x11,0x0E,0x00,//b 66
  901                  0x00,0x00,0x00,0x80,0x80,0x80,0x00,0x00,0x00,0x0E,0x11,0x20,0x20,0x20,0x11,0x00,//c 67
  902                  0x00,0x00,0x00,0x80,0x80,0x88,0xF8,0x00,0x00,0x0E,0x11,0x20,0x20,0x10,0x3F,0x20,//d 68
  903                  0x00,0x00,0x80,0x80,0x80,0x80,0x00,0x00,0x00,0x1F,0x22,0x22,0x22,0x22,0x13,0x00,//e 69
  904                  0x00,0x80,0x80,0xF0,0x88,0x88,0x88,0x18,0x00,0x20,0x20,0x3F,0x20,0x20,0x00,0x00,//f 70
  905                  0x00,0x00,0x80,0x80,0x80,0x80,0x80,0x00,0x00,0x6B,0x94,0x94,0x94,0x93,0x60,0x00,//g 71
  906                  0x08,0xF8,0x00,0x80,0x80,0x80,0x00,0x00,0x20,0x3F,0x21,0x00,0x00,0x20,0x3F,0x20,//h 72
  907                  0x00,0x80,0x98,0x98,0x00,0x00,0x00,0x00,0x00,0x20,0x20,0x3F,0x20,0x20,0x00,0x00,//i 73
  908                  0x00,0x00,0x00,0x80,0x98,0x98,0x00,0x00,0x00,0xC0,0x80,0x80,0x80,0x7F,0x00,0x00,//j 74
  909                  0x08,0xF8,0x00,0x00,0x80,0x80,0x80,0x00,0x20,0x3F,0x24,0x02,0x2D,0x30,0x20,0x00,//k 75
  910                  0x00,0x08,0x08,0xF8,0x00,0x00,0x00,0x00,0x00,0x20,0x20,0x3F,0x20,0x20,0x00,0x00,//l 76
  911                  0x80,0x80,0x80,0x80,0x80,0x80,0x80,0x00,0x20,0x3F,0x20,0x00,0x3F,0x20,0x00,0x3F,//m 77
  912                  0x80,0x80,0x00,0x80,0x80,0x80,0x00,0x00,0x20,0x3F,0x21,0x00,0x00,0x20,0x3F,0x20,//n 78
  913                  0x00,0x00,0x80,0x80,0x80,0x80,0x00,0x00,0x00,0x1F,0x20,0x20,0x20,0x20,0x1F,0x00,//o 79
C251 COMPILER V5.60.0,  SEEKFREE_FONT                                                      10/01/22  22:23:46  PAGE 15  

  914                  0x80,0x80,0x00,0x80,0x80,0x00,0x00,0x00,0x80,0xFF,0xA1,0x20,0x20,0x11,0x0E,0x00,//p 80
  915                  0x00,0x00,0x00,0x80,0x80,0x80,0x80,0x00,0x00,0x0E,0x11,0x20,0x20,0xA0,0xFF,0x80,//q 81
  916                  0x80,0x80,0x80,0x00,0x80,0x80,0x80,0x00,0x20,0x20,0x3F,0x21,0x20,0x00,0x01,0x00,//r 82
  917                  0x00,0x00,0x80,0x80,0x80,0x80,0x80,0x00,0x00,0x33,0x24,0x24,0x24,0x24,0x19,0x00,//s 83
  918                  0x00,0x80,0x80,0xE0,0x80,0x80,0x00,0x00,0x00,0x00,0x00,0x1F,0x20,0x20,0x00,0x00,//t 84
  919                  0x80,0x80,0x00,0x00,0x00,0x80,0x80,0x00,0x00,0x1F,0x20,0x20,0x20,0x10,0x3F,0x20,//u 85
  920                  0x80,0x80,0x80,0x00,0x00,0x80,0x80,0x80,0x00,0x01,0x0E,0x30,0x08,0x06,0x01,0x00,//v 86
  921                  0x80,0x80,0x00,0x80,0x00,0x80,0x80,0x80,0x0F,0x30,0x0C,0x03,0x0C,0x30,0x0F,0x00,//w 87
  922                  0x00,0x80,0x80,0x00,0x80,0x80,0x80,0x00,0x00,0x20,0x31,0x2E,0x0E,0x31,0x20,0x00,//x 88
  923                  0x80,0x80,0x80,0x00,0x00,0x80,0x80,0x80,0x80,0x81,0x8E,0x70,0x18,0x06,0x01,0x00,//y 89
  924                  0x00,0x80,0x80,0x80,0x80,0x80,0x80,0x00,0x00,0x21,0x30,0x2C,0x22,0x21,0x30,0x00,//z 90
  925                  0x00,0x00,0x00,0x00,0x80,0x7C,0x02,0x02,0x00,0x00,0x00,0x00,0x00,0x3F,0x40,0x40,//{ 91
  926                  0x00,0x00,0x00,0x00,0xFF,0x00,0x00,0x00,0x00,0x00,0x00,0x00,0xFF,0x00,0x00,0x00,//| 92
  927                  0x00,0x02,0x02,0x7C,0x80,0x00,0x00,0x00,0x00,0x40,0x40,0x3F,0x00,0x00,0x00,0x00,//} 93
  928                  0x00,0x06,0x01,0x01,0x02,0x02,0x04,0x04,0x00,0x00,0x00,0x00,0x00,0x00,0x00,0x00,//~ 94
  929            
  930          };


Module Information          Static   Overlayable
------------------------------------------------
  code size            =     11784     ------
  ecode size           =    ------     ------
  data size            =    ------     ------
  idata size           =    ------     ------
  pdata size           =    ------     ------
  xdata size           =    ------     ------
  xdata-const size     =    ------     ------
  edata size           =    ------     ------
  bit size             =    ------     ------
  ebit size            =    ------     ------
  bitaddressable size  =    ------     ------
  ebitaddressable size =    ------     ------
  far data size        =    ------     ------
  huge data size       =    ------     ------
  const size           =    ------     ------
  hconst size          =    ------     ------
End of Module Information.


C251 COMPILATION COMPLETE.  0 WARNING(S),  0 ERROR(S)
