C251 COMPILER V5.60.0,  SERVO_MOTOR                                                        10/01/22  22:23:45  PAGE 1   


C251 COMPILER V5.60.0, COMPILATION OF MODULE SERVO_MOTOR
OBJECT MODULE PLACED IN ..\Output\SERVO_MOTOR.obj
COMPILER INVOKED BY: F:\ProgramData\keil5\C251\BIN\C251.EXE ..\CODES\DRIVER\SERVO_MOTOR.c LARGE INTR2 BROWSE INCDIR(..\C
                    -ODES\BOARD;..\CODES\ALGORITHM;..\CODES\DRIVER;..\CODES\USERS) DEBUG PRINT(.\Listings\SERVO_MOTOR.lst) OBJECT(..\Output\S
                    -ERVO_MOTOR.obj) 

stmt  level    source

    1          /*
    2           * @Description  : 伺服电机控制实现
    3           * @Author       : FZU Liao
    4           * @Date         : 2022-01-03 14:35:08
    5           * @LastEditors  : Liao
    6           * @LastEditTime : 2022-01-10 11:44:08
    7           * @FilePath     : \TEMPLATE_PROJECT\CODES\DRIVER\SERVO_MOTOR.c
    8           * Copyright 2022 FZU Liao, All Rights Reserved. 
    9           */
   10          
   11          #include "SERVO_MOTOR.h"
   12          #include "DELAY.h"
   13          #include "..\BOARD\PWM.h"
   14          
   15          #define SERVO_OUTPUT PWMB_CH1_P74
   16          
   17          #define MAX_ANGLE 10
   18          
   19          void SERVO_INIT_MOTOR(){
   20   1          PWM_INIT_PWMCHANNEL(SERVO_OUTPUT,50,760);
   21   1          PWM_ENABLE(SERVO_OUTPUT);
   22   1      }
   23          
   24          void SERVO_SET_ANGLE(float Angle){
   25   1          uint16 DUTY;
   26   1          if(Angle>MAX_ANGLE) Angle = MAX_ANGLE;
   27   1          if(Angle<-MAX_ANGLE) Angle = -MAX_ANGLE;
   28   1          DUTY = (Angle*30);
   29   1          PWM_SET_DUTY(SERVO_OUTPUT,760+DUTY);
   30   1          DELAY_ms(50);
   31   1      }
   32          
   33          void SERVO_DEINIT_MOTOR(){
   34   1          PWM_DISABLE(SERVO_OUTPUT);
   35   1      }


Module Information          Static   Overlayable
------------------------------------------------
  code size            =        97     ------
  ecode size           =    ------     ------
  data size            =    ------     ------
  idata size           =    ------     ------
  pdata size           =    ------     ------
  xdata size           =    ------     ------
  xdata-const size     =    ------     ------
  edata size           =    ------     ------
  bit size             =    ------     ------
  ebit size            =    ------     ------
  bitaddressable size  =    ------     ------
  ebitaddressable size =    ------     ------
  far data size        =    ------     ------
  huge data size       =    ------     ------
  const size           =    ------     ------
  hconst size          =    ------     ------
End of Module Information.


C251 COMPILATION COMPLETE.  0 WARNING(S),  0 ERROR(S)
