C251 COMPILER V5.60.0,  STEP_MOTOR                                                         03/01/22  15:51:57  PAGE 1   


C251 COMPILER V5.60.0, COMPILATION OF MODULE STEP_MOTOR
OBJECT MODULE PLACED IN ..\Output\STEP_MOTOR.obj
COMPILER INVOKED BY: F:\ProgramData\keil5\C251\BIN\C251.EXE ..\CODES\DRIVER\STEP_MOTOR.c LARGE INTR2 BROWSE INCDIR(..\CO
                    -DES\BOARD;..\CODES\ALGORITHM;..\CODES\DRIVER;..\CODES\USERS) DEBUG PRINT(.\Listings\STEP_MOTOR.lst) OBJECT(..\Output\STE
                    -P_MOTOR.obj) 

stmt  level    source

*** WARNING C38 IN LINE 1 OF ..\CODES\DRIVER\STEP_MOTOR.c: empty translation unit


Module Information          Static   Overlayable
------------------------------------------------
  code size            =    ------     ------
  ecode size           =    ------     ------
  data size            =    ------     ------
  idata size           =    ------     ------
  pdata size           =    ------     ------
  xdata size           =    ------     ------
  xdata-const size     =    ------     ------
  edata size           =    ------     ------
  bit size             =    ------     ------
  ebit size            =    ------     ------
  bitaddressable size  =    ------     ------
  ebitaddressable size =    ------     ------
  far data size        =    ------     ------
  huge data size       =    ------     ------
  const size           =    ------     ------
  hconst size          =    ------     ------
End of Module Information.


C251 COMPILATION COMPLETE.  1 WARNING(S),  0 ERROR(S)
